#
# There is insufficient memory for the Java Runtime Environment to continue.
# Native memory allocation (malloc) failed to allocate 1659696 bytes for Chunk::new
# Possible reasons:
#   The system is out of physical RAM or swap space
#   The process is running with CompressedOops enabled, and the Java Heap may be blocking the growth of the native heap
# Possible solutions:
#   Reduce memory load on the system
#   Increase physical memory or swap space
#   Check if swap backing store is full
#   Decrease Java heap size (-Xmx/-Xms)
#   Decrease number of Java threads
#   Decrease Java thread stack sizes (-Xss)
#   Set larger code cache with -XX:ReservedCodeCacheSize=
#   JVM is running with Unscaled Compressed Oops mode in which the Java heap is
#     placed in the first 4GB address space. The Java Heap base address is the
#     maximum limit for the native heap growth. Please use -XX:HeapBaseMinAddress
#     to set the Java Heap base and to place the Java Heap above 4GB virtual address.
# This output file may be truncated or incomplete.
#
#  Out of Memory Error (./src/hotspot/share/memory/arena.cpp:197), pid=11756, tid=22056
#
# JRE version: OpenJDK Runtime Environment (11.0.10) (build 11.0.10+0-b96-7249189)
# Java VM: OpenJDK 64-Bit Server VM (11.0.10+0-b96-7249189, mixed mode, tiered, compressed oops, g1 gc, windows-amd64)
# No core dump will be written. Minidumps are not enabled by default on client versions of Windows
#

---------------  S U M M A R Y ------------

Command Line: --add-opens=java.base/java.util=ALL-UNNAMED --add-opens=java.base/java.lang=ALL-UNNAMED --add-opens=java.base/java.lang.invoke=ALL-UNNAMED --add-opens=java.prefs/java.util.prefs=ALL-UNNAMED -Xmx2048m -Dfile.encoding=UTF-8 -Duser.country=US -Duser.language=en -Duser.variant org.gradle.launcher.daemon.bootstrap.GradleDaemon 6.7.1

Host: Intel(R) Core(TM) i5-9300H CPU @ 2.40GHz, 8 cores, 15G,  Windows 10 , 64 bit Build 18362 (10.0.18362.329)
Time: Fri Jan 14 22:41:48 2022 SE Asia Standard Time elapsed time: 40.040682 seconds (0d 0h 0m 40s)

---------------  T H R E A D  ---------------

Current thread (0x0000019c4efb4800):  JavaThread "C2 CompilerThread0" daemon [_thread_in_native, id=22056, stack(0x000000398de00000,0x000000398df00000)]


Current CompileTask:
C2:  40040 15166   !   4       org.gradle.internal.vfs.impl.DefaultFileSystemAccess$StripedProducerGuard::guardByKey (46 bytes)

Stack: [0x000000398de00000,0x000000398df00000]
Native frames: (J=compiled Java code, j=interpreted, Vv=VM code, C=native code)
V  [jvm.dll+0x5ecfaa]
V  [jvm.dll+0x722bd5]
V  [jvm.dll+0x72412d]
V  [jvm.dll+0x7247e3]
V  [jvm.dll+0x242928]
V  [jvm.dll+0xbc4fc]
V  [jvm.dll+0xbca0c]
V  [jvm.dll+0x352d3b]
V  [jvm.dll+0x320ad3]
V  [jvm.dll+0x31ffca]
V  [jvm.dll+0x1fb602]
V  [jvm.dll+0x1fa7f4]
V  [jvm.dll+0x18354c]
V  [jvm.dll+0x208ee7]
V  [jvm.dll+0x207731]
V  [jvm.dll+0x6eb1cf]
V  [jvm.dll+0x6e3d45]
V  [jvm.dll+0x5ebe96]
C  [ucrtbase.dll+0x20e72]
C  [KERNEL32.DLL+0x17bd4]
C  [ntdll.dll+0x6ced1]


---------------  P R O C E S S  ---------------

Threads class SMR info:
_java_thread_list=0x0000019c54f1b0d0, length=155, elements={
0x0000019c3426d000, 0x0000019c4ef3f800, 0x0000019c4ef42800, 0x0000019c4efa0000,
0x0000019c4efa1000, 0x0000019c4efa4000, 0x0000019c4efb4800, 0x0000019c4efb8800,
0x0000019c4efba000, 0x0000019c4f10f000, 0x0000019c509f0000, 0x0000019c4fe87800,
0x0000019c4f2fe800, 0x0000019c5039b000, 0x0000019c52163000, 0x0000019c52158000,
0x0000019c5215d000, 0x0000019c5215c000, 0x0000019c52159000, 0x0000019c5450a800,
0x0000019c54508000, 0x0000019c54513800, 0x0000019c5450e000, 0x0000019c54514800,
0x0000019c5450e800, 0x0000019c5450f800, 0x0000019c54510800, 0x0000019c54fbd000,
0x0000019c54fbe800, 0x0000019c54fbe000, 0x0000019c54fbb800, 0x0000019c54fb9000,
0x0000019c54fba800, 0x0000019c54fbc000, 0x0000019c54fbf800, 0x0000019c54fb9800,
0x0000019c54fc4800, 0x0000019c54fc2800, 0x0000019c54fc3800, 0x0000019c54fc1000,
0x0000019c54fc0000, 0x0000019c54fc7800, 0x0000019c54fc2000, 0x0000019c54fc5000,
0x0000019c54fc6000, 0x0000019c54fc6800, 0x0000019c55d71000, 0x0000019c55d71800,
0x0000019c55d72800, 0x0000019c55d73000, 0x0000019c55d70000, 0x0000019c55d79800,
0x0000019c55d79000, 0x0000019c55d74000, 0x0000019c55d76800, 0x0000019c55d7a800,
0x0000019c55d75000, 0x0000019c55d7b800, 0x0000019c55d75800, 0x0000019c55d7c000,
0x0000019c55d78000, 0x0000019c55d7d000, 0x0000019c55d77800, 0x0000019c55d7e000,
0x0000019c55d7e800, 0x0000019c527c3000, 0x0000019c527c4000, 0x0000019c527c1000,
0x0000019c527c5000, 0x0000019c527bf000, 0x0000019c527c1800, 0x0000019c527c5800,
0x0000019c527c2800, 0x0000019c527c0000, 0x0000019c527cc000, 0x0000019c527cb800,
0x0000019c527c6800, 0x0000019c527c9000, 0x0000019c527c7800, 0x0000019c527ca000,
0x0000019c527ca800, 0x0000019c527cd000, 0x0000019c527ce000, 0x0000019c527c8000,
0x0000019c544be800, 0x0000019c544bf800, 0x0000019c544c3800, 0x0000019c544c0000,
0x0000019c544c1000, 0x0000019c544bd800, 0x0000019c544c4800, 0x0000019c544c6000,
0x0000019c544c2800, 0x0000019c544c5000, 0x0000019c544c6800, 0x0000019c544c7800,
0x0000019c544c2000, 0x0000019c544c9000, 0x0000019c544cc800, 0x0000019c544cb800,
0x0000019c544c8800, 0x0000019c544ca000, 0x0000019c544cb000, 0x0000019c5616e000,
0x0000019c56169800, 0x0000019c5616e800, 0x0000019c56169000, 0x0000019c5616f800,
0x0000019c56170800, 0x0000019c5616a800, 0x0000019c56171000, 0x0000019c5616b800,
0x0000019c56172000, 0x0000019c5616c000, 0x0000019c56172800, 0x0000019c5616d000,
0x0000019c56174800, 0x0000019c56173800, 0x0000019c572a9800, 0x0000019c572ae800,
0x0000019c57b60000, 0x0000019c57b5d000, 0x0000019c57b5c000, 0x0000019c57b5d800,
0x0000019c57b5e800, 0x0000019c57b5f800, 0x0000019c57b61000, 0x0000019c57b5b800,
0x0000019c57b65000, 0x0000019c57b66000, 0x0000019c57b67800, 0x0000019c57b64800,
0x0000019c57b66800, 0x0000019c57b62000, 0x0000019c57b68800, 0x0000019c57b62800,
0x0000019c51870800, 0x0000019c57b69000, 0x0000019c57b63800, 0x0000019c57b6a000,
0x0000019c572a3000, 0x0000019c572a5800, 0x0000019c572a6800, 0x0000019c572a9000,
0x0000019c572a4000, 0x0000019c572aa800, 0x0000019c572a5000, 0x0000019c572a7000,
0x0000019c572ae000, 0x0000019c572ab800, 0x0000019c572a8000, 0x0000019c572ad000,
0x0000019c572b2000, 0x0000019c572af800, 0x0000019c572b0000
}

Java Threads: ( => current thread )
  0x0000019c3426d000 JavaThread "main" [_thread_blocked, id=20144, stack(0x000000398d200000,0x000000398d300000)]
  0x0000019c4ef3f800 JavaThread "Reference Handler" daemon [_thread_blocked, id=17844, stack(0x000000398d900000,0x000000398da00000)]
  0x0000019c4ef42800 JavaThread "Finalizer" daemon [_thread_blocked, id=9612, stack(0x000000398da00000,0x000000398db00000)]
  0x0000019c4efa0000 JavaThread "Signal Dispatcher" daemon [_thread_blocked, id=18400, stack(0x000000398db00000,0x000000398dc00000)]
  0x0000019c4efa1000 JavaThread "Attach Listener" daemon [_thread_blocked, id=18764, stack(0x000000398dc00000,0x000000398dd00000)]
  0x0000019c4efa4000 JavaThread "Service Thread" daemon [_thread_blocked, id=7340, stack(0x000000398dd00000,0x000000398de00000)]
=>0x0000019c4efb4800 JavaThread "C2 CompilerThread0" daemon [_thread_in_native, id=22056, stack(0x000000398de00000,0x000000398df00000)]
  0x0000019c4efb8800 JavaThread "C1 CompilerThread0" daemon [_thread_blocked, id=17276, stack(0x000000398df00000,0x000000398e000000)]
  0x0000019c4efba000 JavaThread "Sweeper thread" daemon [_thread_blocked, id=10684, stack(0x000000398e000000,0x000000398e100000)]
  0x0000019c4f10f000 JavaThread "Common-Cleaner" daemon [_thread_blocked, id=5476, stack(0x000000398e100000,0x000000398e200000)]
  0x0000019c509f0000 JavaThread "Daemon health stats" [_thread_blocked, id=8700, stack(0x000000398e900000,0x000000398ea00000)]
  0x0000019c4fe87800 JavaThread "Incoming local TCP Connector on port 53045" [_thread_in_native, id=11820, stack(0x000000398eb00000,0x000000398ec00000)]
  0x0000019c4f2fe800 JavaThread "Daemon periodic checks" [_thread_blocked, id=17172, stack(0x000000398ec00000,0x000000398ed00000)]
  0x0000019c5039b000 JavaThread "Daemon" [_thread_blocked, id=24068, stack(0x000000398ed00000,0x000000398ee00000)]
  0x0000019c52163000 JavaThread "Daemon worker" [_thread_blocked, id=2764, stack(0x000000398f000000,0x000000398f100000)]
  0x0000019c52158000 JavaThread "Cache worker for file hash cache (C:\Users\admin\.gradle\caches\6.7.1\fileHashes)" [_thread_blocked, id=12452, stack(0x000000398f400000,0x000000398f500000)]
  0x0000019c5215d000 JavaThread "File lock request listener" [_thread_in_native, id=13500, stack(0x000000398f500000,0x000000398f600000)]
  0x0000019c5215c000 JavaThread "Cache worker for journal cache (C:\Users\admin\.gradle\caches\journal-1)" [_thread_blocked, id=19508, stack(0x000000398f900000,0x000000398fa00000)]
  0x0000019c52159000 JavaThread "Cache worker for execution history cache (C:\Users\admin\.gradle\caches\6.7.1\executionHistory)" [_thread_blocked, id=11788, stack(0x0000003990000000,0x0000003990100000)]
  0x0000019c5450a800 JavaThread "jar transforms" [_thread_blocked, id=10264, stack(0x0000003990100000,0x0000003990200000)]
  0x0000019c54508000 JavaThread "Cache worker for file content cache (C:\Users\admin\.gradle\caches\6.7.1\fileContent)" [_thread_blocked, id=16092, stack(0x0000003990200000,0x0000003990300000)]
  0x0000019c54513800 JavaThread "jar transforms Thread 2" [_thread_blocked, id=24172, stack(0x0000003990c00000,0x0000003990d00000)]
  0x0000019c5450e000 JavaThread "jar transforms Thread 3" [_thread_blocked, id=18956, stack(0x0000003990d00000,0x0000003990e00000)]
  0x0000019c54514800 JavaThread "jar transforms Thread 4" [_thread_blocked, id=2276, stack(0x0000003990e00000,0x0000003990f00000)]
  0x0000019c5450e800 JavaThread "jar transforms Thread 5" [_thread_blocked, id=15800, stack(0x0000003990f00000,0x0000003991000000)]
  0x0000019c5450f800 JavaThread "jar transforms Thread 6" [_thread_blocked, id=19068, stack(0x0000003991000000,0x0000003991100000)]
  0x0000019c54510800 JavaThread "jar transforms Thread 7" [_thread_blocked, id=23364, stack(0x0000003991100000,0x0000003991200000)]
  0x0000019c54fbd000 JavaThread "jar transforms Thread 8" [_thread_blocked, id=23960, stack(0x0000003991200000,0x0000003991300000)]
  0x0000019c54fbe800 JavaThread "jar transforms Thread 9" [_thread_blocked, id=11448, stack(0x0000003991300000,0x0000003991400000)]
  0x0000019c54fbe000 JavaThread "jar transforms Thread 10" [_thread_blocked, id=13676, stack(0x0000003991400000,0x0000003991500000)]
  0x0000019c54fbb800 JavaThread "jar transforms Thread 11" [_thread_blocked, id=15068, stack(0x0000003991500000,0x0000003991600000)]
  0x0000019c54fb9000 JavaThread "jar transforms Thread 12" [_thread_blocked, id=19376, stack(0x0000003991600000,0x0000003991700000)]
  0x0000019c54fba800 JavaThread "jar transforms Thread 13" [_thread_blocked, id=5800, stack(0x0000003991700000,0x0000003991800000)]
  0x0000019c54fbc000 JavaThread "jar transforms Thread 14" [_thread_blocked, id=13528, stack(0x0000003991800000,0x0000003991900000)]
  0x0000019c54fbf800 JavaThread "jar transforms Thread 15" [_thread_blocked, id=12656, stack(0x0000003991900000,0x0000003991a00000)]
  0x0000019c54fb9800 JavaThread "jar transforms Thread 16" [_thread_blocked, id=23992, stack(0x0000003991a00000,0x0000003991b00000)]
  0x0000019c54fc4800 JavaThread "jar transforms Thread 17" [_thread_blocked, id=20164, stack(0x0000003991b00000,0x0000003991c00000)]
  0x0000019c54fc2800 JavaThread "jar transforms Thread 18" [_thread_blocked, id=24184, stack(0x0000003991c00000,0x0000003991d00000)]
  0x0000019c54fc3800 JavaThread "jar transforms Thread 19" [_thread_blocked, id=23876, stack(0x0000003991d00000,0x0000003991e00000)]
  0x0000019c54fc1000 JavaThread "jar transforms Thread 20" [_thread_blocked, id=15512, stack(0x0000003991e00000,0x0000003991f00000)]
  0x0000019c54fc0000 JavaThread "jar transforms Thread 21" [_thread_blocked, id=10560, stack(0x0000003991f00000,0x0000003992000000)]
  0x0000019c54fc7800 JavaThread "jar transforms Thread 22" [_thread_blocked, id=19364, stack(0x0000003992000000,0x0000003992100000)]
  0x0000019c54fc2000 JavaThread "jar transforms Thread 23" [_thread_blocked, id=9208, stack(0x0000003992100000,0x0000003992200000)]
  0x0000019c54fc5000 JavaThread "jar transforms Thread 24" [_thread_blocked, id=16180, stack(0x0000003992200000,0x0000003992300000)]
  0x0000019c54fc6000 JavaThread "jar transforms Thread 25" [_thread_blocked, id=23964, stack(0x0000003992300000,0x0000003992400000)]
  0x0000019c54fc6800 JavaThread "jar transforms Thread 26" [_thread_blocked, id=15356, stack(0x0000003992400000,0x0000003992500000)]
  0x0000019c55d71000 JavaThread "jar transforms Thread 27" [_thread_blocked, id=14196, stack(0x0000003992500000,0x0000003992600000)]
  0x0000019c55d71800 JavaThread "jar transforms Thread 28" [_thread_blocked, id=11056, stack(0x0000003992600000,0x0000003992700000)]
  0x0000019c55d72800 JavaThread "jar transforms Thread 29" [_thread_blocked, id=24320, stack(0x0000003992700000,0x0000003992800000)]
  0x0000019c55d73000 JavaThread "jar transforms Thread 30" [_thread_blocked, id=10136, stack(0x0000003992800000,0x0000003992900000)]
  0x0000019c55d70000 JavaThread "jar transforms Thread 31" [_thread_blocked, id=24544, stack(0x0000003992900000,0x0000003992a00000)]
  0x0000019c55d79800 JavaThread "jar transforms Thread 32" [_thread_blocked, id=22168, stack(0x0000003992a00000,0x0000003992b00000)]
  0x0000019c55d79000 JavaThread "jar transforms Thread 33" [_thread_blocked, id=22772, stack(0x0000003992b00000,0x0000003992c00000)]
  0x0000019c55d74000 JavaThread "jar transforms Thread 34" [_thread_blocked, id=9352, stack(0x0000003992c00000,0x0000003992d00000)]
  0x0000019c55d76800 JavaThread "jar transforms Thread 35" [_thread_blocked, id=5544, stack(0x0000003992d00000,0x0000003992e00000)]
  0x0000019c55d7a800 JavaThread "jar transforms Thread 36" [_thread_blocked, id=18744, stack(0x0000003992e00000,0x0000003992f00000)]
  0x0000019c55d75000 JavaThread "jar transforms Thread 37" [_thread_blocked, id=22540, stack(0x0000003992f00000,0x0000003993000000)]
  0x0000019c55d7b800 JavaThread "jar transforms Thread 38" [_thread_blocked, id=17132, stack(0x0000003993000000,0x0000003993100000)]
  0x0000019c55d75800 JavaThread "jar transforms Thread 39" [_thread_blocked, id=13976, stack(0x0000003993100000,0x0000003993200000)]
  0x0000019c55d7c000 JavaThread "jar transforms Thread 40" [_thread_blocked, id=5516, stack(0x0000003993200000,0x0000003993300000)]
  0x0000019c55d78000 JavaThread "jar transforms Thread 41" [_thread_blocked, id=5604, stack(0x0000003993300000,0x0000003993400000)]
  0x0000019c55d7d000 JavaThread "jar transforms Thread 42" [_thread_blocked, id=20768, stack(0x0000003993400000,0x0000003993500000)]
  0x0000019c55d77800 JavaThread "jar transforms Thread 43" [_thread_blocked, id=13908, stack(0x0000003993500000,0x0000003993600000)]
  0x0000019c55d7e000 JavaThread "jar transforms Thread 44" [_thread_blocked, id=21100, stack(0x0000003993600000,0x0000003993700000)]
  0x0000019c55d7e800 JavaThread "jar transforms Thread 45" [_thread_blocked, id=17300, stack(0x0000003993700000,0x0000003993800000)]
  0x0000019c527c3000 JavaThread "jar transforms Thread 46" [_thread_blocked, id=23760, stack(0x0000003993800000,0x0000003993900000)]
  0x0000019c527c4000 JavaThread "jar transforms Thread 47" [_thread_blocked, id=11192, stack(0x0000003993900000,0x0000003993a00000)]
  0x0000019c527c1000 JavaThread "jar transforms Thread 48" [_thread_blocked, id=23348, stack(0x0000003993a00000,0x0000003993b00000)]
  0x0000019c527c5000 JavaThread "jar transforms Thread 49" [_thread_blocked, id=23864, stack(0x0000003993b00000,0x0000003993c00000)]
  0x0000019c527bf000 JavaThread "jar transforms Thread 50" [_thread_blocked, id=1296, stack(0x0000003993c00000,0x0000003993d00000)]
  0x0000019c527c1800 JavaThread "jar transforms Thread 51" [_thread_blocked, id=18164, stack(0x0000003993d00000,0x0000003993e00000)]
  0x0000019c527c5800 JavaThread "jar transforms Thread 52" [_thread_blocked, id=11128, stack(0x0000003993e00000,0x0000003993f00000)]
  0x0000019c527c2800 JavaThread "jar transforms Thread 53" [_thread_blocked, id=20892, stack(0x0000003993f00000,0x0000003994000000)]
  0x0000019c527c0000 JavaThread "jar transforms Thread 54" [_thread_blocked, id=20004, stack(0x0000003994000000,0x0000003994100000)]
  0x0000019c527cc000 JavaThread "jar transforms Thread 55" [_thread_blocked, id=12952, stack(0x0000003994100000,0x0000003994200000)]
  0x0000019c527cb800 JavaThread "jar transforms Thread 56" [_thread_blocked, id=9356, stack(0x0000003994200000,0x0000003994300000)]
  0x0000019c527c6800 JavaThread "jar transforms Thread 57" [_thread_blocked, id=4768, stack(0x0000003994300000,0x0000003994400000)]
  0x0000019c527c9000 JavaThread "jar transforms Thread 58" [_thread_blocked, id=14788, stack(0x0000003994400000,0x0000003994500000)]
  0x0000019c527c7800 JavaThread "jar transforms Thread 59" [_thread_blocked, id=10400, stack(0x0000003994500000,0x0000003994600000)]
  0x0000019c527ca000 JavaThread "jar transforms Thread 60" [_thread_blocked, id=21600, stack(0x0000003994600000,0x0000003994700000)]
  0x0000019c527ca800 JavaThread "jar transforms Thread 61" [_thread_blocked, id=18080, stack(0x0000003994700000,0x0000003994800000)]
  0x0000019c527cd000 JavaThread "jar transforms Thread 62" [_thread_blocked, id=21636, stack(0x0000003994800000,0x0000003994900000)]
  0x0000019c527ce000 JavaThread "jar transforms Thread 63" [_thread_blocked, id=17548, stack(0x0000003994900000,0x0000003994a00000)]
  0x0000019c527c8000 JavaThread "jar transforms Thread 64" [_thread_blocked, id=18636, stack(0x0000003994a00000,0x0000003994b00000)]
  0x0000019c544be800 JavaThread "jar transforms Thread 65" [_thread_blocked, id=21452, stack(0x0000003994b00000,0x0000003994c00000)]
  0x0000019c544bf800 JavaThread "jar transforms Thread 66" [_thread_blocked, id=17168, stack(0x0000003994c00000,0x0000003994d00000)]
  0x0000019c544c3800 JavaThread "jar transforms Thread 67" [_thread_blocked, id=4456, stack(0x0000003994d00000,0x0000003994e00000)]
  0x0000019c544c0000 JavaThread "jar transforms Thread 68" [_thread_blocked, id=24168, stack(0x0000003994e00000,0x0000003994f00000)]
  0x0000019c544c1000 JavaThread "jar transforms Thread 69" [_thread_blocked, id=19144, stack(0x0000003994f00000,0x0000003995000000)]
  0x0000019c544bd800 JavaThread "jar transforms Thread 70" [_thread_blocked, id=24312, stack(0x0000003995000000,0x0000003995100000)]
  0x0000019c544c4800 JavaThread "jar transforms Thread 71" [_thread_blocked, id=8468, stack(0x0000003995100000,0x0000003995200000)]
  0x0000019c544c6000 JavaThread "jar transforms Thread 72" [_thread_blocked, id=18356, stack(0x0000003995200000,0x0000003995300000)]
  0x0000019c544c2800 JavaThread "jar transforms Thread 73" [_thread_blocked, id=15916, stack(0x0000003995300000,0x0000003995400000)]
  0x0000019c544c5000 JavaThread "jar transforms Thread 74" [_thread_blocked, id=15264, stack(0x0000003995400000,0x0000003995500000)]
  0x0000019c544c6800 JavaThread "jar transforms Thread 75" [_thread_blocked, id=22984, stack(0x0000003995500000,0x0000003995600000)]
  0x0000019c544c7800 JavaThread "jar transforms Thread 76" [_thread_blocked, id=14584, stack(0x0000003995600000,0x0000003995700000)]
  0x0000019c544c2000 JavaThread "jar transforms Thread 77" [_thread_blocked, id=21968, stack(0x0000003995700000,0x0000003995800000)]
  0x0000019c544c9000 JavaThread "jar transforms Thread 78" [_thread_blocked, id=4200, stack(0x0000003995800000,0x0000003995900000)]
  0x0000019c544cc800 JavaThread "jar transforms Thread 79" [_thread_blocked, id=23668, stack(0x0000003995900000,0x0000003995a00000)]
  0x0000019c544cb800 JavaThread "jar transforms Thread 80" [_thread_blocked, id=21576, stack(0x0000003995a00000,0x0000003995b00000)]
  0x0000019c544c8800 JavaThread "jar transforms Thread 81" [_thread_blocked, id=92, stack(0x0000003995b00000,0x0000003995c00000)]
  0x0000019c544ca000 JavaThread "jar transforms Thread 82" [_thread_blocked, id=18984, stack(0x0000003995c00000,0x0000003995d00000)]
  0x0000019c544cb000 JavaThread "jar transforms Thread 83" [_thread_blocked, id=19372, stack(0x0000003995d00000,0x0000003995e00000)]
  0x0000019c5616e000 JavaThread "jar transforms Thread 84" [_thread_blocked, id=12488, stack(0x0000003995e00000,0x0000003995f00000)]
  0x0000019c56169800 JavaThread "jar transforms Thread 85" [_thread_blocked, id=16168, stack(0x0000003995f00000,0x0000003996000000)]
  0x0000019c5616e800 JavaThread "jar transforms Thread 86" [_thread_blocked, id=8440, stack(0x0000003996000000,0x0000003996100000)]
  0x0000019c56169000 JavaThread "jar transforms Thread 87" [_thread_blocked, id=16252, stack(0x0000003996100000,0x0000003996200000)]
  0x0000019c5616f800 JavaThread "jar transforms Thread 88" [_thread_blocked, id=24112, stack(0x0000003996200000,0x0000003996300000)]
  0x0000019c56170800 JavaThread "jar transforms Thread 89" [_thread_blocked, id=24208, stack(0x0000003996300000,0x0000003996400000)]
  0x0000019c5616a800 JavaThread "jar transforms Thread 90" [_thread_blocked, id=17540, stack(0x0000003996400000,0x0000003996500000)]
  0x0000019c56171000 JavaThread "jar transforms Thread 91" [_thread_blocked, id=3724, stack(0x0000003996500000,0x0000003996600000)]
  0x0000019c5616b800 JavaThread "jar transforms Thread 92" [_thread_blocked, id=5944, stack(0x0000003996600000,0x0000003996700000)]
  0x0000019c56172000 JavaThread "jar transforms Thread 93" [_thread_blocked, id=22276, stack(0x0000003996700000,0x0000003996800000)]
  0x0000019c5616c000 JavaThread "jar transforms Thread 94" [_thread_blocked, id=23872, stack(0x0000003996800000,0x0000003996900000)]
  0x0000019c56172800 JavaThread "jar transforms Thread 95" [_thread_blocked, id=2248, stack(0x0000003996900000,0x0000003996a00000)]
  0x0000019c5616d000 JavaThread "jar transforms Thread 96" [_thread_blocked, id=24200, stack(0x0000003996a00000,0x0000003996b00000)]
  0x0000019c56174800 JavaThread "jar transforms Thread 97" [_thread_blocked, id=14760, stack(0x0000003996b00000,0x0000003996c00000)]
  0x0000019c56173800 JavaThread "Memory manager" [_thread_blocked, id=23676, stack(0x0000003996c00000,0x0000003996d00000)]
  0x0000019c572a9800 JavaThread "Cache worker for Java compile cache (C:\Users\admin\.gradle\caches\6.7.1\javaCompile)" [_thread_blocked, id=3016, stack(0x0000003997900000,0x0000003997a00000)]
  0x0000019c572ae800 JavaThread "ForkJoinPool.commonPool-worker-3" daemon [_thread_blocked, id=23060, stack(0x000000398fe00000,0x000000398ff00000)]
  0x0000019c57b60000 JavaThread "ForkJoinPool.commonPool-worker-5" daemon [_thread_blocked, id=15088, stack(0x0000003998400000,0x0000003998500000)]
  0x0000019c57b5d000 JavaThread "ForkJoinPool.commonPool-worker-7" daemon [_thread_blocked, id=2360, stack(0x0000003998500000,0x0000003998600000)]
  0x0000019c57b5c000 JavaThread "ForkJoinPool.commonPool-worker-9" daemon [_thread_blocked, id=13732, stack(0x0000003998600000,0x0000003998700000)]
  0x0000019c57b5d800 JavaThread "ForkJoinPool.commonPool-worker-11" daemon [_thread_blocked, id=18664, stack(0x0000003998700000,0x0000003998800000)]
  0x0000019c57b5e800 JavaThread "ForkJoinPool.commonPool-worker-13" daemon [_thread_blocked, id=7056, stack(0x0000003998800000,0x0000003998900000)]
  0x0000019c57b5f800 JavaThread "ForkJoinPool.commonPool-worker-15" daemon [_thread_blocked, id=9772, stack(0x0000003998900000,0x0000003998a00000)]
  0x0000019c57b61000 JavaThread "Handler for socket connection from /127.0.0.1:53045 to /127.0.0.1:53094" [_thread_in_native, id=19348, stack(0x000000398ee00000,0x000000398ef00000)]
  0x0000019c57b5b800 JavaThread "Cancel handler" [_thread_blocked, id=24120, stack(0x000000398ef00000,0x000000398f000000)]
  0x0000019c57b65000 JavaThread "Asynchronous log dispatcher for DefaultDaemonConnection: socket connection from /127.0.0.1:53045 to /127.0.0.1:53094" [_thread_blocked, id=5412, stack(0x000000398f100000,0x000000398f200000)]
  0x0000019c57b66000 JavaThread "Stdin handler" [_thread_blocked, id=22764, stack(0x000000398f200000,0x000000398f300000)]
  0x0000019c57b67800 JavaThread "Thread-203" [_thread_blocked, id=6308, stack(0x000000398f300000,0x000000398f400000)]
  0x0000019c57b64800 JavaThread "Cache worker for file hash cache (D:\Downloads\LTDD_CS81_Nhom22-main\.gradle\6.7.1\fileHashes)" [_thread_blocked, id=5536, stack(0x000000398fa00000,0x000000398fb00000)]
  0x0000019c57b66800 JavaThread "Cache worker for checksums cache (D:\Downloads\LTDD_CS81_Nhom22-main\.gradle\checksums)" [_thread_blocked, id=16880, stack(0x000000398fb00000,0x000000398fc00000)]
  0x0000019c57b62000 JavaThread "Cache worker for cache directory md-supplier (C:\Users\admin\.gradle\caches\6.7.1\md-supplier)" [_thread_blocked, id=13784, stack(0x000000398fc00000,0x000000398fd00000)]
  0x0000019c57b68800 JavaThread "Cache worker for cache directory md-rule (C:\Users\admin\.gradle\caches\6.7.1\md-rule)" [_thread_blocked, id=22244, stack(0x000000398fd00000,0x000000398fe00000)]
  0x0000019c57b62800 JavaThread "Cache worker for Build Output Cleanup Cache (D:\Downloads\LTDD_CS81_Nhom22-main\.gradle\buildOutputCleanup)" [_thread_blocked, id=21700, stack(0x000000398ff00000,0x0000003990000000)]
  0x0000019c51870800 JavaThread "C2 CompilerThread1" daemon [_thread_in_native, id=20916, stack(0x0000003990300000,0x0000003990400000)]
  0x0000019c57b69000 JavaThread "Build operations" [_thread_blocked, id=7752, stack(0x0000003990400000,0x0000003990500000)]
  0x0000019c57b63800 JavaThread "Build operations Thread 2" [_thread_blocked, id=21016, stack(0x0000003990500000,0x0000003990600000)]
  0x0000019c57b6a000 JavaThread "Build operations Thread 3" [_thread_blocked, id=12928, stack(0x0000003990600000,0x0000003990700000)]
  0x0000019c572a3000 JavaThread "Build operations Thread 4" [_thread_blocked, id=24012, stack(0x0000003990700000,0x0000003990800000)]
  0x0000019c572a5800 JavaThread "Build operations Thread 5" [_thread_blocked, id=7444, stack(0x0000003990800000,0x0000003990900000)]
  0x0000019c572a6800 JavaThread "Build operations Thread 6" [_thread_blocked, id=24396, stack(0x0000003990900000,0x0000003990a00000)]
  0x0000019c572a9000 JavaThread "Build operations Thread 7" [_thread_blocked, id=21808, stack(0x0000003990a00000,0x0000003990b00000)]
  0x0000019c572a4000 JavaThread "Build operations Thread 8" [_thread_blocked, id=2284, stack(0x0000003990b00000,0x0000003990c00000)]
  0x0000019c572aa800 JavaThread "build event listener" [_thread_blocked, id=18124, stack(0x0000003996f00000,0x0000003997000000)]
  0x0000019c572a5000 JavaThread "build event listener" [_thread_blocked, id=24464, stack(0x0000003997000000,0x0000003997100000)]
  0x0000019c572a7000 JavaThread "Execution worker for ':'" [_thread_in_native, id=18272, stack(0x0000003997100000,0x0000003997200000)]
  0x0000019c572ae000 JavaThread "Execution worker for ':' Thread 2" [_thread_blocked, id=19552, stack(0x0000003997200000,0x0000003997300000)]
  0x0000019c572ab800 JavaThread "Execution worker for ':' Thread 3" [_thread_blocked, id=13684, stack(0x0000003997300000,0x0000003997400000)]
  0x0000019c572a8000 JavaThread "Execution worker for ':' Thread 4" [_thread_blocked, id=17948, stack(0x0000003997400000,0x0000003997500000)]
  0x0000019c572ad000 JavaThread "Execution worker for ':' Thread 5" [_thread_blocked, id=19700, stack(0x0000003997500000,0x0000003997600000)]
  0x0000019c572b2000 JavaThread "Execution worker for ':' Thread 6" [_thread_blocked, id=4992, stack(0x0000003997600000,0x0000003997700000)]
  0x0000019c572af800 JavaThread "Execution worker for ':' Thread 7" [_thread_blocked, id=8508, stack(0x0000003997700000,0x0000003997800000)]
  0x0000019c572b0000 JavaThread "Cache worker for execution history cache (D:\Downloads\LTDD_CS81_Nhom22-main\.gradle\6.7.1\executionHistory)" [_thread_blocked, id=9628, stack(0x0000003997800000,0x0000003997900000)]

Other Threads:
  0x0000019c4ef3d800 VMThread "VM Thread" [stack: 0x000000398d800000,0x000000398d900000] [id=10552]
  0x0000019c4f124800 WatcherThread [stack: 0x000000398e200000,0x000000398e300000] [id=9364]
  0x0000019c34284800 GCTaskThread "GC Thread#0" [stack: 0x000000398d300000,0x000000398d400000] [id=18500]
  0x0000019c4fc39000 GCTaskThread "GC Thread#1" [stack: 0x000000398e400000,0x000000398e500000] [id=13184]
  0x0000019c4fc39800 GCTaskThread "GC Thread#2" [stack: 0x000000398e500000,0x000000398e600000] [id=14628]
  0x0000019c4fc70800 GCTaskThread "GC Thread#3" [stack: 0x000000398e600000,0x000000398e700000] [id=23256]
  0x0000019c4fbb6800 GCTaskThread "GC Thread#4" [stack: 0x000000398e700000,0x000000398e800000] [id=16300]
  0x0000019c4fd74800 GCTaskThread "GC Thread#5" [stack: 0x000000398e800000,0x000000398e900000] [id=24048]
  0x0000019c5173e000 GCTaskThread "GC Thread#6" [stack: 0x000000398f600000,0x000000398f700000] [id=22136]
  0x0000019c51737800 GCTaskThread "GC Thread#7" [stack: 0x000000398f700000,0x000000398f800000] [id=22612]
  0x0000019c342b6000 ConcurrentGCThread "G1 Main Marker" [stack: 0x000000398d400000,0x000000398d500000] [id=22748]
  0x0000019c342b8000 ConcurrentGCThread "G1 Conc#0" [stack: 0x000000398d500000,0x000000398d600000] [id=23688]
  0x0000019c5173e800 ConcurrentGCThread "G1 Conc#1" [stack: 0x000000398f800000,0x000000398f900000] [id=23400]
  0x0000019c3433d800 ConcurrentGCThread "G1 Refine#0" [stack: 0x000000398d600000,0x000000398d700000] [id=17556]
  0x0000019c5173b000 ConcurrentGCThread "G1 Refine#1" [stack: 0x0000003996d00000,0x0000003996e00000] [id=23680]
  0x0000019c5173c000 ConcurrentGCThread "G1 Refine#2" [stack: 0x0000003996e00000,0x0000003996f00000] [id=6972]
  0x0000019c4e58a800 ConcurrentGCThread "G1 Young RemSet Sampling" [stack: 0x000000398d700000,0x000000398d800000] [id=22948]

Threads with active compile tasks:
C2 CompilerThread0  40072 15166   !   4       org.gradle.internal.vfs.impl.DefaultFileSystemAccess$StripedProducerGuard::guardByKey (46 bytes)
C2 CompilerThread1  40072 15269   !   4       java.io.ObjectOutputStream::writeObject0 (619 bytes)

VM state:not at safepoint (normal execution)

VM Mutex/Monitor currently owned by a thread: None

Heap address: 0x0000000080000000, size: 2048 MB, Compressed Oops mode: 32-bit
Narrow klass base: 0x0000000000000000, Narrow klass shift: 3
Compressed class space size: 1073741824 Address: 0x0000000100000000

Heap:
 garbage-first heap   total 261120K, used 207872K [0x0000000080000000, 0x0000000100000000)
  region size 1024K, 137 young (140288K), 9 survivors (9216K)
 Metaspace       used 108879K, capacity 112290K, committed 112544K, reserved 1146880K
  class space    used 14049K, capacity 15314K, committed 15360K, reserved 1048576K
Heap Regions: E=young(eden), S=young(survivor), O=old, HS=humongous(starts), HC=humongous(continues), CS=collection set, F=free, A=archive, TAMS=top-at-mark-start (previous, next)
|   0|0x0000000080000000, 0x0000000080100000, 0x0000000080100000|100%| O|  |TAMS 0x0000000080100000, 0x0000000080000000| Untracked 
|   1|0x0000000080100000, 0x0000000080200000, 0x0000000080200000|100%| O|  |TAMS 0x0000000080200000, 0x0000000080100000| Untracked 
|   2|0x0000000080200000, 0x0000000080300000, 0x0000000080300000|100%| O|  |TAMS 0x0000000080300000, 0x0000000080200000| Untracked 
|   3|0x0000000080300000, 0x0000000080400000, 0x0000000080400000|100%|HS|  |TAMS 0x0000000080400000, 0x0000000080300000| Complete 
|   4|0x0000000080400000, 0x0000000080500000, 0x0000000080500000|100%|HC|  |TAMS 0x0000000080500000, 0x0000000080400000| Complete 
|   5|0x0000000080500000, 0x0000000080600000, 0x0000000080600000|100%|HC|  |TAMS 0x0000000080600000, 0x0000000080500000| Complete 
|   6|0x0000000080600000, 0x0000000080700000, 0x0000000080700000|100%| O|  |TAMS 0x0000000080700000, 0x0000000080600000| Untracked 
|   7|0x0000000080700000, 0x0000000080800000, 0x0000000080800000|100%| O|  |TAMS 0x0000000080800000, 0x0000000080700000| Untracked 
|   8|0x0000000080800000, 0x0000000080900000, 0x0000000080900000|100%| O|  |TAMS 0x0000000080900000, 0x0000000080800000| Untracked 
|   9|0x0000000080900000, 0x0000000080a00000, 0x0000000080a00000|100%| O|  |TAMS 0x0000000080a00000, 0x0000000080900000| Untracked 
|  10|0x0000000080a00000, 0x0000000080b00000, 0x0000000080b00000|100%| O|  |TAMS 0x0000000080b00000, 0x0000000080a00000| Untracked 
|  11|0x0000000080b00000, 0x0000000080c00000, 0x0000000080c00000|100%| O|  |TAMS 0x0000000080c00000, 0x0000000080b00000| Untracked 
|  12|0x0000000080c00000, 0x0000000080d00000, 0x0000000080d00000|100%| O|  |TAMS 0x0000000080d00000, 0x0000000080c00000| Untracked 
|  13|0x0000000080d00000, 0x0000000080e00000, 0x0000000080e00000|100%| O|  |TAMS 0x0000000080e00000, 0x0000000080d00000| Untracked 
|  14|0x0000000080e00000, 0x0000000080f00000, 0x0000000080f00000|100%| O|  |TAMS 0x0000000080f00000, 0x0000000080e00000| Untracked 
|  15|0x0000000080f00000, 0x0000000081000000, 0x0000000081000000|100%| O|  |TAMS 0x0000000081000000, 0x0000000080f00000| Untracked 
|  16|0x0000000081000000, 0x0000000081100000, 0x0000000081100000|100%|HS|  |TAMS 0x0000000081100000, 0x0000000081000000| Complete 
|  17|0x0000000081100000, 0x0000000081200000, 0x0000000081200000|100%|HS|  |TAMS 0x0000000081200000, 0x0000000081100000| Complete 
|  18|0x0000000081200000, 0x0000000081300000, 0x0000000081300000|100%|HC|  |TAMS 0x0000000081300000, 0x0000000081200000| Complete 
|  19|0x0000000081300000, 0x0000000081400000, 0x0000000081400000|100%| O|  |TAMS 0x0000000081400000, 0x0000000081300000| Untracked 
|  20|0x0000000081400000, 0x0000000081500000, 0x0000000081500000|100%| O|  |TAMS 0x0000000081500000, 0x0000000081400000| Untracked 
|  21|0x0000000081500000, 0x0000000081600000, 0x0000000081600000|100%| O|  |TAMS 0x0000000081600000, 0x0000000081500000| Untracked 
|  22|0x0000000081600000, 0x0000000081700000, 0x0000000081700000|100%| O|  |TAMS 0x0000000081700000, 0x0000000081600000| Untracked 
|  23|0x0000000081700000, 0x0000000081800000, 0x0000000081800000|100%| O|  |TAMS 0x0000000081800000, 0x0000000081700000| Untracked 
|  24|0x0000000081800000, 0x0000000081900000, 0x0000000081900000|100%| O|  |TAMS 0x0000000081900000, 0x0000000081800000| Untracked 
|  25|0x0000000081900000, 0x0000000081a00000, 0x0000000081a00000|100%| O|  |TAMS 0x0000000081a00000, 0x0000000081900000| Untracked 
|  26|0x0000000081a00000, 0x0000000081b00000, 0x0000000081b00000|100%| O|  |TAMS 0x0000000081b00000, 0x0000000081a00000| Untracked 
|  27|0x0000000081b00000, 0x0000000081c00000, 0x0000000081c00000|100%| O|  |TAMS 0x0000000081c00000, 0x0000000081b00000| Untracked 
|  28|0x0000000081c00000, 0x0000000081d00000, 0x0000000081d00000|100%| O|  |TAMS 0x0000000081d00000, 0x0000000081c00000| Untracked 
|  29|0x0000000081d00000, 0x0000000081e00000, 0x0000000081e00000|100%| O|  |TAMS 0x0000000081e00000, 0x0000000081d00000| Untracked 
|  30|0x0000000081e00000, 0x0000000081f00000, 0x0000000081f00000|100%| O|  |TAMS 0x0000000081f00000, 0x0000000081e00000| Untracked 
|  31|0x0000000081f00000, 0x0000000082000000, 0x0000000082000000|100%| O|  |TAMS 0x0000000082000000, 0x0000000081f00000| Untracked 
|  32|0x0000000082000000, 0x0000000082100000, 0x0000000082100000|100%| O|  |TAMS 0x0000000082100000, 0x0000000082000000| Untracked 
|  33|0x0000000082100000, 0x0000000082200000, 0x0000000082200000|100%| O|  |TAMS 0x0000000082200000, 0x0000000082100000| Untracked 
|  34|0x0000000082200000, 0x0000000082300000, 0x0000000082300000|100%| O|  |TAMS 0x0000000082300000, 0x0000000082200000| Untracked 
|  35|0x0000000082300000, 0x0000000082400000, 0x0000000082400000|100%| O|  |TAMS 0x0000000082400000, 0x0000000082300000| Untracked 
|  36|0x0000000082400000, 0x0000000082500000, 0x0000000082500000|100%| O|  |TAMS 0x0000000082500000, 0x0000000082400000| Untracked 
|  37|0x0000000082500000, 0x0000000082600000, 0x0000000082600000|100%| O|  |TAMS 0x0000000082600000, 0x0000000082500000| Untracked 
|  38|0x0000000082600000, 0x0000000082700000, 0x0000000082700000|100%| O|  |TAMS 0x0000000082700000, 0x0000000082600000| Untracked 
|  39|0x0000000082700000, 0x0000000082800000, 0x0000000082800000|100%| O|  |TAMS 0x0000000082800000, 0x0000000082700000| Untracked 
|  40|0x0000000082800000, 0x0000000082900000, 0x0000000082900000|100%| O|  |TAMS 0x0000000082900000, 0x0000000082800000| Untracked 
|  41|0x0000000082900000, 0x0000000082a00000, 0x0000000082a00000|100%| O|  |TAMS 0x0000000082900000, 0x0000000082900000| Untracked 
|  42|0x0000000082a00000, 0x0000000082b00000, 0x0000000082b00000|100%| O|  |TAMS 0x0000000082a00000, 0x0000000082a00000| Untracked 
|  43|0x0000000082b00000, 0x0000000082c00000, 0x0000000082c00000|100%| O|  |TAMS 0x0000000082c00000, 0x0000000082b00000| Untracked 
|  44|0x0000000082c00000, 0x0000000082d00000, 0x0000000082d00000|100%| O|  |TAMS 0x0000000082d00000, 0x0000000082c00000| Untracked 
|  45|0x0000000082d00000, 0x0000000082e00000, 0x0000000082e00000|100%| O|  |TAMS 0x0000000082e00000, 0x0000000082d00000| Untracked 
|  46|0x0000000082e00000, 0x0000000082f00000, 0x0000000082f00000|100%| O|  |TAMS 0x0000000082f00000, 0x0000000082e00000| Untracked 
|  47|0x0000000082f00000, 0x0000000083000000, 0x0000000083000000|100%| O|  |TAMS 0x0000000083000000, 0x0000000082f00000| Untracked 
|  48|0x0000000083000000, 0x0000000083100000, 0x0000000083100000|100%| O|  |TAMS 0x0000000083100000, 0x0000000083000000| Untracked 
|  49|0x0000000083100000, 0x0000000083200000, 0x0000000083200000|100%| O|  |TAMS 0x0000000083200000, 0x0000000083100000| Untracked 
|  50|0x0000000083200000, 0x0000000083300000, 0x0000000083300000|100%| O|  |TAMS 0x0000000083300000, 0x0000000083200000| Untracked 
|  51|0x0000000083300000, 0x0000000083400000, 0x0000000083400000|100%| O|  |TAMS 0x0000000083400000, 0x0000000083300000| Untracked 
|  52|0x0000000083400000, 0x0000000083500000, 0x0000000083500000|100%| O|  |TAMS 0x0000000083500000, 0x0000000083400000| Untracked 
|  53|0x0000000083500000, 0x0000000083600000, 0x0000000083600000|100%| O|  |TAMS 0x0000000083600000, 0x0000000083500000| Untracked 
|  54|0x0000000083600000, 0x0000000083700000, 0x0000000083700000|100%| O|  |TAMS 0x0000000083700000, 0x0000000083600000| Untracked 
|  55|0x0000000083700000, 0x0000000083800000, 0x0000000083800000|100%| O|  |TAMS 0x0000000083800000, 0x0000000083700000| Untracked 
|  56|0x0000000083800000, 0x0000000083900000, 0x0000000083900000|100%| O|  |TAMS 0x0000000083900000, 0x0000000083800000| Untracked 
|  57|0x0000000083900000, 0x0000000083a00000, 0x0000000083a00000|100%| O|  |TAMS 0x0000000083a00000, 0x0000000083900000| Untracked 
|  58|0x0000000083a00000, 0x0000000083b00000, 0x0000000083b00000|100%| O|  |TAMS 0x0000000083b00000, 0x0000000083a00000| Untracked 
|  59|0x0000000083b00000, 0x0000000083c00000, 0x0000000083c00000|100%| O|  |TAMS 0x0000000083bb3600, 0x0000000083b00000| Untracked 
|  60|0x0000000083c00000, 0x0000000083d00000, 0x0000000083d00000|100%| O|  |TAMS 0x0000000083c00000, 0x0000000083c00000| Untracked 
|  61|0x0000000083d00000, 0x0000000083d00000, 0x0000000083e00000|  0%| F|  |TAMS 0x0000000083d00000, 0x0000000083d00000| Untracked 
|  62|0x0000000083e00000, 0x0000000083e00000, 0x0000000083f00000|  0%| F|  |TAMS 0x0000000083e00000, 0x0000000083e00000| Untracked 
|  63|0x0000000083f00000, 0x0000000083f00000, 0x0000000084000000|  0%| F|  |TAMS 0x0000000083f00000, 0x0000000083f00000| Untracked 
|  64|0x0000000084000000, 0x0000000084000000, 0x0000000084100000|  0%| F|  |TAMS 0x0000000084000000, 0x0000000084000000| Untracked 
|  65|0x0000000084100000, 0x0000000084100000, 0x0000000084200000|  0%| F|  |TAMS 0x0000000084100000, 0x0000000084100000| Untracked 
|  66|0x0000000084200000, 0x0000000084200000, 0x0000000084300000|  0%| F|  |TAMS 0x0000000084200000, 0x0000000084200000| Untracked 
|  67|0x0000000084300000, 0x0000000084300000, 0x0000000084400000|  0%| F|  |TAMS 0x0000000084300000, 0x0000000084300000| Untracked 
|  68|0x0000000084400000, 0x0000000084400000, 0x0000000084500000|  0%| F|  |TAMS 0x0000000084400000, 0x0000000084400000| Untracked 
|  69|0x0000000084500000, 0x0000000084500000, 0x0000000084600000|  0%| F|  |TAMS 0x0000000084500000, 0x0000000084500000| Untracked 
|  70|0x0000000084600000, 0x0000000084600000, 0x0000000084700000|  0%| F|  |TAMS 0x0000000084600000, 0x0000000084600000| Untracked 
|  71|0x0000000084700000, 0x0000000084700000, 0x0000000084800000|  0%| F|  |TAMS 0x0000000084700000, 0x0000000084700000| Untracked 
|  72|0x0000000084800000, 0x0000000084800000, 0x0000000084900000|  0%| F|  |TAMS 0x0000000084800000, 0x0000000084800000| Untracked 
|  73|0x0000000084900000, 0x0000000084900000, 0x0000000084a00000|  0%| F|  |TAMS 0x0000000084900000, 0x0000000084900000| Untracked 
|  74|0x0000000084a00000, 0x0000000084a00000, 0x0000000084b00000|  0%| F|  |TAMS 0x0000000084a00000, 0x0000000084a00000| Untracked 
|  75|0x0000000084b00000, 0x0000000084b00000, 0x0000000084c00000|  0%| F|  |TAMS 0x0000000084b00000, 0x0000000084b00000| Untracked 
|  76|0x0000000084c00000, 0x0000000084c00000, 0x0000000084d00000|  0%| F|  |TAMS 0x0000000084c00000, 0x0000000084c00000| Untracked 
|  77|0x0000000084d00000, 0x0000000084d00000, 0x0000000084e00000|  0%| F|  |TAMS 0x0000000084d00000, 0x0000000084d00000| Untracked 
|  78|0x0000000084e00000, 0x0000000084e00000, 0x0000000084f00000|  0%| F|  |TAMS 0x0000000084e00000, 0x0000000084e00000| Untracked 
|  79|0x0000000084f00000, 0x0000000084f00000, 0x0000000085000000|  0%| F|  |TAMS 0x0000000084f00000, 0x0000000084f00000| Untracked 
|  80|0x0000000085000000, 0x0000000085000000, 0x0000000085100000|  0%| F|  |TAMS 0x0000000085000000, 0x0000000085000000| Untracked 
|  81|0x0000000085100000, 0x0000000085100000, 0x0000000085200000|  0%| F|  |TAMS 0x0000000085100000, 0x0000000085100000| Untracked 
|  82|0x0000000085200000, 0x0000000085200000, 0x0000000085300000|  0%| F|  |TAMS 0x0000000085200000, 0x0000000085200000| Untracked 
|  83|0x0000000085300000, 0x0000000085300000, 0x0000000085400000|  0%| F|  |TAMS 0x0000000085300000, 0x0000000085300000| Untracked 
|  84|0x0000000085400000, 0x0000000085400000, 0x0000000085500000|  0%| F|  |TAMS 0x0000000085400000, 0x0000000085400000| Untracked 
|  85|0x0000000085500000, 0x0000000085500000, 0x0000000085600000|  0%| F|  |TAMS 0x0000000085500000, 0x0000000085500000| Untracked 
|  86|0x0000000085600000, 0x0000000085600000, 0x0000000085700000|  0%| F|  |TAMS 0x0000000085600000, 0x0000000085600000| Untracked 
|  87|0x0000000085700000, 0x0000000085700000, 0x0000000085800000|  0%| F|  |TAMS 0x0000000085700000, 0x0000000085700000| Untracked 
|  88|0x0000000085800000, 0x0000000085800000, 0x0000000085900000|  0%| F|  |TAMS 0x0000000085800000, 0x0000000085800000| Untracked 
|  89|0x0000000085900000, 0x0000000085900000, 0x0000000085a00000|  0%| F|  |TAMS 0x0000000085900000, 0x0000000085900000| Untracked 
|  90|0x0000000085a00000, 0x0000000085a00000, 0x0000000085b00000|  0%| F|  |TAMS 0x0000000085a00000, 0x0000000085a00000| Untracked 
|  91|0x0000000085b00000, 0x0000000085b00000, 0x0000000085c00000|  0%| F|  |TAMS 0x0000000085b00000, 0x0000000085b00000| Untracked 
|  92|0x0000000085c00000, 0x0000000085d00000, 0x0000000085d00000|100%| O|  |TAMS 0x0000000085c00000, 0x0000000085c00000| Untracked 
|  93|0x0000000085d00000, 0x0000000085e00000, 0x0000000085e00000|100%| O|  |TAMS 0x0000000085d00000, 0x0000000085d00000| Untracked 
|  94|0x0000000085e00000, 0x0000000085f00000, 0x0000000085f00000|100%| O|  |TAMS 0x0000000085e00000, 0x0000000085e00000| Untracked 
|  95|0x0000000085f00000, 0x0000000086000000, 0x0000000086000000|100%| O|  |TAMS 0x0000000085f00000, 0x0000000085f00000| Untracked 
|  96|0x0000000086000000, 0x0000000086100000, 0x0000000086100000|100%| O|  |TAMS 0x0000000086000000, 0x0000000086000000| Untracked 
|  97|0x0000000086100000, 0x0000000086200000, 0x0000000086200000|100%| O|  |TAMS 0x0000000086100000, 0x0000000086100000| Untracked 
|  98|0x0000000086200000, 0x0000000086200000, 0x0000000086300000|  0%| F|  |TAMS 0x0000000086200000, 0x0000000086200000| Untracked 
|  99|0x0000000086300000, 0x0000000086300000, 0x0000000086400000|  0%| F|  |TAMS 0x0000000086300000, 0x0000000086300000| Untracked 
| 100|0x0000000086400000, 0x0000000086400000, 0x0000000086500000|  0%| F|  |TAMS 0x0000000086400000, 0x0000000086400000| Untracked 
| 101|0x0000000086500000, 0x0000000086500000, 0x0000000086600000|  0%| F|  |TAMS 0x0000000086500000, 0x0000000086500000| Untracked 
| 102|0x0000000086600000, 0x0000000086600000, 0x0000000086700000|  0%| F|  |TAMS 0x0000000086600000, 0x0000000086600000| Untracked 
| 103|0x0000000086700000, 0x0000000086700000, 0x0000000086800000|  0%| F|  |TAMS 0x0000000086700000, 0x0000000086700000| Untracked 
| 104|0x0000000086800000, 0x0000000086800000, 0x0000000086900000|  0%| F|  |TAMS 0x0000000086800000, 0x0000000086800000| Untracked 
| 105|0x0000000086900000, 0x0000000086900000, 0x0000000086a00000|  0%| F|  |TAMS 0x0000000086900000, 0x0000000086900000| Untracked 
| 106|0x0000000086a00000, 0x0000000086a00000, 0x0000000086b00000|  0%| F|  |TAMS 0x0000000086a00000, 0x0000000086a00000| Untracked 
| 107|0x0000000086b00000, 0x0000000086b00000, 0x0000000086c00000|  0%| F|  |TAMS 0x0000000086b00000, 0x0000000086b00000| Untracked 
| 108|0x0000000086c00000, 0x0000000086c00000, 0x0000000086d00000|  0%| F|  |TAMS 0x0000000086c00000, 0x0000000086c00000| Untracked 
| 109|0x0000000086d00000, 0x0000000086d00000, 0x0000000086e00000|  0%| F|  |TAMS 0x0000000086d00000, 0x0000000086d00000| Untracked 
| 110|0x0000000086e00000, 0x0000000086e00000, 0x0000000086f00000|  0%| F|  |TAMS 0x0000000086e00000, 0x0000000086e00000| Untracked 
| 111|0x0000000086f00000, 0x0000000086f00000, 0x0000000087000000|  0%| F|  |TAMS 0x0000000086f00000, 0x0000000086f00000| Untracked 
| 112|0x0000000087000000, 0x0000000087000000, 0x0000000087100000|  0%| F|  |TAMS 0x0000000087000000, 0x0000000087000000| Untracked 
| 113|0x0000000087100000, 0x0000000087100000, 0x0000000087200000|  0%| F|  |TAMS 0x0000000087100000, 0x0000000087100000| Untracked 
| 114|0x0000000087200000, 0x0000000087200000, 0x0000000087300000|  0%| F|  |TAMS 0x0000000087200000, 0x0000000087200000| Untracked 
| 115|0x0000000087300000, 0x0000000087300000, 0x0000000087400000|  0%| F|  |TAMS 0x0000000087300000, 0x0000000087300000| Untracked 
| 116|0x0000000087400000, 0x0000000087400000, 0x0000000087500000|  0%| F|  |TAMS 0x0000000087400000, 0x0000000087400000| Untracked 
| 117|0x0000000087500000, 0x000000008758ee18, 0x0000000087600000| 55%| E|  |TAMS 0x0000000087500000, 0x0000000087500000| Complete 
| 118|0x0000000087600000, 0x0000000087700000, 0x0000000087700000|100%| S|CS|TAMS 0x0000000087600000, 0x0000000087600000| Complete 
| 119|0x0000000087700000, 0x0000000087800000, 0x0000000087800000|100%| S|CS|TAMS 0x0000000087700000, 0x0000000087700000| Complete 
| 120|0x0000000087800000, 0x0000000087900000, 0x0000000087900000|100%| S|CS|TAMS 0x0000000087800000, 0x0000000087800000| Complete 
| 121|0x0000000087900000, 0x0000000087a00000, 0x0000000087a00000|100%| S|CS|TAMS 0x0000000087900000, 0x0000000087900000| Complete 
| 122|0x0000000087a00000, 0x0000000087b00000, 0x0000000087b00000|100%| S|CS|TAMS 0x0000000087a00000, 0x0000000087a00000| Complete 
| 123|0x0000000087b00000, 0x0000000087c00000, 0x0000000087c00000|100%| S|CS|TAMS 0x0000000087b00000, 0x0000000087b00000| Complete 
| 124|0x0000000087c00000, 0x0000000087d00000, 0x0000000087d00000|100%| S|CS|TAMS 0x0000000087c00000, 0x0000000087c00000| Complete 
| 125|0x0000000087d00000, 0x0000000087e00000, 0x0000000087e00000|100%| S|CS|TAMS 0x0000000087d00000, 0x0000000087d00000| Complete 
| 126|0x0000000087e00000, 0x0000000087f00000, 0x0000000087f00000|100%| S|CS|TAMS 0x0000000087e00000, 0x0000000087e00000| Complete 
| 127|0x0000000087f00000, 0x0000000088000000, 0x0000000088000000|100%| E|  |TAMS 0x0000000087f00000, 0x0000000087f00000| Complete 
| 128|0x0000000088000000, 0x0000000088100000, 0x0000000088100000|100%| E|CS|TAMS 0x0000000088000000, 0x0000000088000000| Complete 
| 129|0x0000000088100000, 0x0000000088200000, 0x0000000088200000|100%| E|CS|TAMS 0x0000000088100000, 0x0000000088100000| Complete 
| 130|0x0000000088200000, 0x0000000088300000, 0x0000000088300000|100%| E|CS|TAMS 0x0000000088200000, 0x0000000088200000| Complete 
| 131|0x0000000088300000, 0x0000000088400000, 0x0000000088400000|100%| E|CS|TAMS 0x0000000088300000, 0x0000000088300000| Complete 
| 132|0x0000000088400000, 0x0000000088500000, 0x0000000088500000|100%| E|CS|TAMS 0x0000000088400000, 0x0000000088400000| Complete 
| 133|0x0000000088500000, 0x0000000088600000, 0x0000000088600000|100%| E|CS|TAMS 0x0000000088500000, 0x0000000088500000| Complete 
| 134|0x0000000088600000, 0x0000000088700000, 0x0000000088700000|100%| E|CS|TAMS 0x0000000088600000, 0x0000000088600000| Complete 
| 135|0x0000000088700000, 0x0000000088800000, 0x0000000088800000|100%| E|CS|TAMS 0x0000000088700000, 0x0000000088700000| Complete 
| 136|0x0000000088800000, 0x0000000088900000, 0x0000000088900000|100%| E|CS|TAMS 0x0000000088800000, 0x0000000088800000| Complete 
| 137|0x0000000088900000, 0x0000000088a00000, 0x0000000088a00000|100%| E|CS|TAMS 0x0000000088900000, 0x0000000088900000| Complete 
| 138|0x0000000088a00000, 0x0000000088b00000, 0x0000000088b00000|100%| E|CS|TAMS 0x0000000088a00000, 0x0000000088a00000| Complete 
| 139|0x0000000088b00000, 0x0000000088c00000, 0x0000000088c00000|100%| E|CS|TAMS 0x0000000088b00000, 0x0000000088b00000| Complete 
| 140|0x0000000088c00000, 0x0000000088d00000, 0x0000000088d00000|100%| E|CS|TAMS 0x0000000088c00000, 0x0000000088c00000| Complete 
| 141|0x0000000088d00000, 0x0000000088e00000, 0x0000000088e00000|100%| E|CS|TAMS 0x0000000088d00000, 0x0000000088d00000| Complete 
| 142|0x0000000088e00000, 0x0000000088f00000, 0x0000000088f00000|100%| E|CS|TAMS 0x0000000088e00000, 0x0000000088e00000| Complete 
| 143|0x0000000088f00000, 0x0000000089000000, 0x0000000089000000|100%| E|CS|TAMS 0x0000000088f00000, 0x0000000088f00000| Complete 
| 144|0x0000000089000000, 0x0000000089100000, 0x0000000089100000|100%| E|CS|TAMS 0x0000000089000000, 0x0000000089000000| Complete 
| 145|0x0000000089100000, 0x0000000089200000, 0x0000000089200000|100%| E|CS|TAMS 0x0000000089100000, 0x0000000089100000| Complete 
| 146|0x0000000089200000, 0x0000000089300000, 0x0000000089300000|100%| E|CS|TAMS 0x0000000089200000, 0x0000000089200000| Complete 
| 147|0x0000000089300000, 0x0000000089400000, 0x0000000089400000|100%| E|CS|TAMS 0x0000000089300000, 0x0000000089300000| Complete 
| 148|0x0000000089400000, 0x0000000089500000, 0x0000000089500000|100%| E|CS|TAMS 0x0000000089400000, 0x0000000089400000| Complete 
| 149|0x0000000089500000, 0x0000000089600000, 0x0000000089600000|100%| E|CS|TAMS 0x0000000089500000, 0x0000000089500000| Complete 
| 150|0x0000000089600000, 0x0000000089700000, 0x0000000089700000|100%| E|CS|TAMS 0x0000000089600000, 0x0000000089600000| Complete 
| 151|0x0000000089700000, 0x0000000089800000, 0x0000000089800000|100%| E|CS|TAMS 0x0000000089700000, 0x0000000089700000| Complete 
| 152|0x0000000089800000, 0x0000000089900000, 0x0000000089900000|100%| E|CS|TAMS 0x0000000089800000, 0x0000000089800000| Complete 
| 153|0x0000000089900000, 0x0000000089a00000, 0x0000000089a00000|100%| E|CS|TAMS 0x0000000089900000, 0x0000000089900000| Complete 
| 154|0x0000000089a00000, 0x0000000089b00000, 0x0000000089b00000|100%| E|CS|TAMS 0x0000000089a00000, 0x0000000089a00000| Complete 
| 155|0x0000000089b00000, 0x0000000089c00000, 0x0000000089c00000|100%| E|CS|TAMS 0x0000000089b00000, 0x0000000089b00000| Complete 
| 156|0x0000000089c00000, 0x0000000089d00000, 0x0000000089d00000|100%| E|CS|TAMS 0x0000000089c00000, 0x0000000089c00000| Complete 
| 157|0x0000000089d00000, 0x0000000089e00000, 0x0000000089e00000|100%| E|CS|TAMS 0x0000000089d00000, 0x0000000089d00000| Complete 
| 158|0x0000000089e00000, 0x0000000089f00000, 0x0000000089f00000|100%| E|CS|TAMS 0x0000000089e00000, 0x0000000089e00000| Complete 
| 159|0x0000000089f00000, 0x000000008a000000, 0x000000008a000000|100%| E|CS|TAMS 0x0000000089f00000, 0x0000000089f00000| Complete 
| 160|0x000000008a000000, 0x000000008a100000, 0x000000008a100000|100%| E|CS|TAMS 0x000000008a000000, 0x000000008a000000| Complete 
| 161|0x000000008a100000, 0x000000008a200000, 0x000000008a200000|100%| E|CS|TAMS 0x000000008a100000, 0x000000008a100000| Complete 
| 162|0x000000008a200000, 0x000000008a300000, 0x000000008a300000|100%| E|CS|TAMS 0x000000008a200000, 0x000000008a200000| Complete 
| 163|0x000000008a300000, 0x000000008a400000, 0x000000008a400000|100%| E|CS|TAMS 0x000000008a300000, 0x000000008a300000| Complete 
| 164|0x000000008a400000, 0x000000008a500000, 0x000000008a500000|100%| E|CS|TAMS 0x000000008a400000, 0x000000008a400000| Complete 
| 165|0x000000008a500000, 0x000000008a600000, 0x000000008a600000|100%| E|CS|TAMS 0x000000008a500000, 0x000000008a500000| Complete 
| 166|0x000000008a600000, 0x000000008a700000, 0x000000008a700000|100%| E|CS|TAMS 0x000000008a600000, 0x000000008a600000| Complete 
| 167|0x000000008a700000, 0x000000008a800000, 0x000000008a800000|100%| E|CS|TAMS 0x000000008a700000, 0x000000008a700000| Complete 
| 168|0x000000008a800000, 0x000000008a900000, 0x000000008a900000|100%| E|CS|TAMS 0x000000008a800000, 0x000000008a800000| Complete 
| 169|0x000000008a900000, 0x000000008aa00000, 0x000000008aa00000|100%| E|CS|TAMS 0x000000008a900000, 0x000000008a900000| Complete 
| 170|0x000000008aa00000, 0x000000008ab00000, 0x000000008ab00000|100%| E|CS|TAMS 0x000000008aa00000, 0x000000008aa00000| Complete 
| 171|0x000000008ab00000, 0x000000008ac00000, 0x000000008ac00000|100%| E|CS|TAMS 0x000000008ab00000, 0x000000008ab00000| Complete 
| 172|0x000000008ac00000, 0x000000008ad00000, 0x000000008ad00000|100%| E|CS|TAMS 0x000000008ac00000, 0x000000008ac00000| Complete 
| 173|0x000000008ad00000, 0x000000008ae00000, 0x000000008ae00000|100%| E|CS|TAMS 0x000000008ad00000, 0x000000008ad00000| Complete 
| 174|0x000000008ae00000, 0x000000008af00000, 0x000000008af00000|100%| E|CS|TAMS 0x000000008ae00000, 0x000000008ae00000| Complete 
| 175|0x000000008af00000, 0x000000008b000000, 0x000000008b000000|100%| E|CS|TAMS 0x000000008af00000, 0x000000008af00000| Complete 
| 176|0x000000008b000000, 0x000000008b100000, 0x000000008b100000|100%| E|CS|TAMS 0x000000008b000000, 0x000000008b000000| Complete 
| 177|0x000000008b100000, 0x000000008b200000, 0x000000008b200000|100%| E|CS|TAMS 0x000000008b100000, 0x000000008b100000| Complete 
| 178|0x000000008b200000, 0x000000008b300000, 0x000000008b300000|100%| E|CS|TAMS 0x000000008b200000, 0x000000008b200000| Complete 
| 179|0x000000008b300000, 0x000000008b400000, 0x000000008b400000|100%| E|CS|TAMS 0x000000008b300000, 0x000000008b300000| Complete 
| 180|0x000000008b400000, 0x000000008b500000, 0x000000008b500000|100%| E|CS|TAMS 0x000000008b400000, 0x000000008b400000| Complete 
| 181|0x000000008b500000, 0x000000008b600000, 0x000000008b600000|100%| E|CS|TAMS 0x000000008b500000, 0x000000008b500000| Complete 
| 182|0x000000008b600000, 0x000000008b700000, 0x000000008b700000|100%| E|CS|TAMS 0x000000008b600000, 0x000000008b600000| Complete 
| 183|0x000000008b700000, 0x000000008b800000, 0x000000008b800000|100%| E|CS|TAMS 0x000000008b700000, 0x000000008b700000| Complete 
| 184|0x000000008b800000, 0x000000008b900000, 0x000000008b900000|100%| E|CS|TAMS 0x000000008b800000, 0x000000008b800000| Complete 
| 185|0x000000008b900000, 0x000000008ba00000, 0x000000008ba00000|100%| E|CS|TAMS 0x000000008b900000, 0x000000008b900000| Complete 
| 186|0x000000008ba00000, 0x000000008bb00000, 0x000000008bb00000|100%| E|CS|TAMS 0x000000008ba00000, 0x000000008ba00000| Complete 
| 187|0x000000008bb00000, 0x000000008bc00000, 0x000000008bc00000|100%| E|CS|TAMS 0x000000008bb00000, 0x000000008bb00000| Complete 
| 188|0x000000008bc00000, 0x000000008bd00000, 0x000000008bd00000|100%| E|CS|TAMS 0x000000008bc00000, 0x000000008bc00000| Complete 
| 189|0x000000008bd00000, 0x000000008be00000, 0x000000008be00000|100%| E|CS|TAMS 0x000000008bd00000, 0x000000008bd00000| Complete 
| 190|0x000000008be00000, 0x000000008bf00000, 0x000000008bf00000|100%| E|CS|TAMS 0x000000008be00000, 0x000000008be00000| Complete 
| 191|0x000000008bf00000, 0x000000008c000000, 0x000000008c000000|100%| E|CS|TAMS 0x000000008bf00000, 0x000000008bf00000| Complete 
| 192|0x000000008c000000, 0x000000008c100000, 0x000000008c100000|100%| E|CS|TAMS 0x000000008c000000, 0x000000008c000000| Complete 
| 193|0x000000008c100000, 0x000000008c200000, 0x000000008c200000|100%| E|CS|TAMS 0x000000008c100000, 0x000000008c100000| Complete 
| 194|0x000000008c200000, 0x000000008c300000, 0x000000008c300000|100%| E|CS|TAMS 0x000000008c200000, 0x000000008c200000| Complete 
| 195|0x000000008c300000, 0x000000008c400000, 0x000000008c400000|100%| E|CS|TAMS 0x000000008c300000, 0x000000008c300000| Complete 
| 196|0x000000008c400000, 0x000000008c500000, 0x000000008c500000|100%| E|CS|TAMS 0x000000008c400000, 0x000000008c400000| Complete 
| 197|0x000000008c500000, 0x000000008c600000, 0x000000008c600000|100%| E|CS|TAMS 0x000000008c500000, 0x000000008c500000| Complete 
| 198|0x000000008c600000, 0x000000008c700000, 0x000000008c700000|100%| E|CS|TAMS 0x000000008c600000, 0x000000008c600000| Complete 
| 199|0x000000008c700000, 0x000000008c800000, 0x000000008c800000|100%| E|CS|TAMS 0x000000008c700000, 0x000000008c700000| Complete 
| 200|0x000000008c800000, 0x000000008c900000, 0x000000008c900000|100%| E|CS|TAMS 0x000000008c800000, 0x000000008c800000| Complete 
| 201|0x000000008c900000, 0x000000008ca00000, 0x000000008ca00000|100%| E|CS|TAMS 0x000000008c900000, 0x000000008c900000| Complete 
| 202|0x000000008ca00000, 0x000000008cb00000, 0x000000008cb00000|100%| E|CS|TAMS 0x000000008ca00000, 0x000000008ca00000| Complete 
| 203|0x000000008cb00000, 0x000000008cc00000, 0x000000008cc00000|100%| E|CS|TAMS 0x000000008cb00000, 0x000000008cb00000| Complete 
| 204|0x000000008cc00000, 0x000000008cd00000, 0x000000008cd00000|100%| E|CS|TAMS 0x000000008cc00000, 0x000000008cc00000| Complete 
| 205|0x000000008cd00000, 0x000000008ce00000, 0x000000008ce00000|100%| E|CS|TAMS 0x000000008cd00000, 0x000000008cd00000| Complete 
| 206|0x000000008ce00000, 0x000000008cf00000, 0x000000008cf00000|100%| E|CS|TAMS 0x000000008ce00000, 0x000000008ce00000| Complete 
| 207|0x000000008cf00000, 0x000000008d000000, 0x000000008d000000|100%| E|CS|TAMS 0x000000008cf00000, 0x000000008cf00000| Complete 
| 208|0x000000008d000000, 0x000000008d100000, 0x000000008d100000|100%| E|CS|TAMS 0x000000008d000000, 0x000000008d000000| Complete 
| 209|0x000000008d100000, 0x000000008d200000, 0x000000008d200000|100%| E|CS|TAMS 0x000000008d100000, 0x000000008d100000| Complete 
| 210|0x000000008d200000, 0x000000008d300000, 0x000000008d300000|100%| E|CS|TAMS 0x000000008d200000, 0x000000008d200000| Complete 
| 211|0x000000008d300000, 0x000000008d400000, 0x000000008d400000|100%| E|CS|TAMS 0x000000008d300000, 0x000000008d300000| Complete 
| 212|0x000000008d400000, 0x000000008d500000, 0x000000008d500000|100%| E|CS|TAMS 0x000000008d400000, 0x000000008d400000| Complete 
| 213|0x000000008d500000, 0x000000008d600000, 0x000000008d600000|100%| E|CS|TAMS 0x000000008d500000, 0x000000008d500000| Complete 
| 214|0x000000008d600000, 0x000000008d700000, 0x000000008d700000|100%| E|CS|TAMS 0x000000008d600000, 0x000000008d600000| Complete 
| 215|0x000000008d700000, 0x000000008d800000, 0x000000008d800000|100%| E|CS|TAMS 0x000000008d700000, 0x000000008d700000| Complete 
| 216|0x000000008d800000, 0x000000008d900000, 0x000000008d900000|100%| E|CS|TAMS 0x000000008d800000, 0x000000008d800000| Complete 
| 217|0x000000008d900000, 0x000000008da00000, 0x000000008da00000|100%| E|CS|TAMS 0x000000008d900000, 0x000000008d900000| Complete 
| 218|0x000000008da00000, 0x000000008db00000, 0x000000008db00000|100%| E|CS|TAMS 0x000000008da00000, 0x000000008da00000| Complete 
| 219|0x000000008db00000, 0x000000008dc00000, 0x000000008dc00000|100%| E|CS|TAMS 0x000000008db00000, 0x000000008db00000| Complete 
| 220|0x000000008dc00000, 0x000000008dd00000, 0x000000008dd00000|100%| E|CS|TAMS 0x000000008dc00000, 0x000000008dc00000| Complete 
| 221|0x000000008dd00000, 0x000000008de00000, 0x000000008de00000|100%| E|CS|TAMS 0x000000008dd00000, 0x000000008dd00000| Complete 
| 222|0x000000008de00000, 0x000000008df00000, 0x000000008df00000|100%| E|CS|TAMS 0x000000008de00000, 0x000000008de00000| Complete 
| 223|0x000000008df00000, 0x000000008e000000, 0x000000008e000000|100%| E|CS|TAMS 0x000000008df00000, 0x000000008df00000| Complete 
| 224|0x000000008e000000, 0x000000008e100000, 0x000000008e100000|100%| E|CS|TAMS 0x000000008e000000, 0x000000008e000000| Complete 
| 225|0x000000008e100000, 0x000000008e200000, 0x000000008e200000|100%| E|CS|TAMS 0x000000008e100000, 0x000000008e100000| Complete 
| 226|0x000000008e200000, 0x000000008e300000, 0x000000008e300000|100%| E|CS|TAMS 0x000000008e200000, 0x000000008e200000| Complete 
| 227|0x000000008e300000, 0x000000008e400000, 0x000000008e400000|100%| E|CS|TAMS 0x000000008e300000, 0x000000008e300000| Complete 
| 228|0x000000008e400000, 0x000000008e500000, 0x000000008e500000|100%| E|CS|TAMS 0x000000008e400000, 0x000000008e400000| Complete 
| 229|0x000000008e500000, 0x000000008e600000, 0x000000008e600000|100%| E|CS|TAMS 0x000000008e500000, 0x000000008e500000| Complete 
| 230|0x000000008e600000, 0x000000008e700000, 0x000000008e700000|100%| E|CS|TAMS 0x000000008e600000, 0x000000008e600000| Complete 
| 231|0x000000008e700000, 0x000000008e800000, 0x000000008e800000|100%| E|CS|TAMS 0x000000008e700000, 0x000000008e700000| Complete 
| 232|0x000000008e800000, 0x000000008e900000, 0x000000008e900000|100%| E|CS|TAMS 0x000000008e800000, 0x000000008e800000| Complete 
| 233|0x000000008e900000, 0x000000008ea00000, 0x000000008ea00000|100%| E|CS|TAMS 0x000000008e900000, 0x000000008e900000| Complete 
| 234|0x000000008ea00000, 0x000000008eb00000, 0x000000008eb00000|100%| E|CS|TAMS 0x000000008ea00000, 0x000000008ea00000| Complete 
| 235|0x000000008eb00000, 0x000000008ec00000, 0x000000008ec00000|100%| E|CS|TAMS 0x000000008eb00000, 0x000000008eb00000| Complete 
| 236|0x000000008ec00000, 0x000000008ed00000, 0x000000008ed00000|100%| E|CS|TAMS 0x000000008ec00000, 0x000000008ec00000| Complete 
| 237|0x000000008ed00000, 0x000000008ee00000, 0x000000008ee00000|100%| E|CS|TAMS 0x000000008ed00000, 0x000000008ed00000| Complete 
| 238|0x000000008ee00000, 0x000000008ef00000, 0x000000008ef00000|100%| E|CS|TAMS 0x000000008ee00000, 0x000000008ee00000| Complete 
| 239|0x000000008ef00000, 0x000000008f000000, 0x000000008f000000|100%| E|CS|TAMS 0x000000008ef00000, 0x000000008ef00000| Complete 
| 240|0x000000008f000000, 0x000000008f100000, 0x000000008f100000|100%| E|CS|TAMS 0x000000008f000000, 0x000000008f000000| Complete 
| 241|0x000000008f100000, 0x000000008f200000, 0x000000008f200000|100%| E|CS|TAMS 0x000000008f100000, 0x000000008f100000| Complete 
| 242|0x000000008f200000, 0x000000008f300000, 0x000000008f300000|100%| E|CS|TAMS 0x000000008f200000, 0x000000008f200000| Complete 
| 243|0x000000008f300000, 0x000000008f400000, 0x000000008f400000|100%| E|CS|TAMS 0x000000008f300000, 0x000000008f300000| Complete 
| 244|0x000000008f400000, 0x000000008f500000, 0x000000008f500000|100%| E|CS|TAMS 0x000000008f400000, 0x000000008f400000| Complete 
| 245|0x000000008f500000, 0x000000008f600000, 0x000000008f600000|100%| E|CS|TAMS 0x000000008f500000, 0x000000008f500000| Complete 
| 246|0x000000008f600000, 0x000000008f700000, 0x000000008f700000|100%| E|CS|TAMS 0x000000008f600000, 0x000000008f600000| Complete 
| 247|0x000000008f700000, 0x000000008f800000, 0x000000008f800000|100%| E|CS|TAMS 0x000000008f700000, 0x000000008f700000| Complete 
| 248|0x000000008f800000, 0x000000008f900000, 0x000000008f900000|100%| E|CS|TAMS 0x000000008f800000, 0x000000008f800000| Complete 
| 249|0x000000008f900000, 0x000000008fa00000, 0x000000008fa00000|100%| E|CS|TAMS 0x000000008f900000, 0x000000008f900000| Complete 
| 250|0x000000008fa00000, 0x000000008fb00000, 0x000000008fb00000|100%| E|CS|TAMS 0x000000008fa00000, 0x000000008fa00000| Complete 
| 251|0x000000008fb00000, 0x000000008fc00000, 0x000000008fc00000|100%| E|CS|TAMS 0x000000008fb00000, 0x000000008fb00000| Complete 
| 252|0x000000008fc00000, 0x000000008fd00000, 0x000000008fd00000|100%| E|CS|TAMS 0x000000008fc00000, 0x000000008fc00000| Complete 
| 253|0x000000008fd00000, 0x000000008fe00000, 0x000000008fe00000|100%| E|CS|TAMS 0x000000008fd00000, 0x000000008fd00000| Complete 
| 254|0x000000008fe00000, 0x000000008ff00000, 0x000000008ff00000|100%| O|  |TAMS 0x000000008fe00000, 0x000000008fe00000| Untracked 

Card table byte_map: [0x0000019c47480000,0x0000019c47880000] _byte_map_base: 0x0000019c47080000

Marking Bits (Prev, Next): (CMBitMap*) 0x0000019c342ad058, (CMBitMap*) 0x0000019c342ad090
 Prev Bits: [0x0000019c47c80000, 0x0000019c49c80000)
 Next Bits: [0x0000019c49c80000, 0x0000019c4bc80000)

Polling page: 0x0000019c32230000

Metaspace:

Usage:
  Non-class:     94.70 MB capacity,    92.61 MB ( 98%) used,     1.72 MB (  2%) free+waste,   389.50 KB ( <1%) overhead. 
      Class:     14.96 MB capacity,    13.72 MB ( 92%) used,     1.05 MB (  7%) free+waste,   184.31 KB (  1%) overhead. 
       Both:    109.66 MB capacity,   106.33 MB ( 97%) used,     2.77 MB (  3%) free+waste,   573.81 KB ( <1%) overhead. 

Virtual space:
  Non-class space:       96.00 MB reserved,      94.91 MB ( 99%) committed 
      Class space:        1.00 GB reserved,      15.00 MB (  1%) committed 
             Both:        1.09 GB reserved,     109.91 MB ( 10%) committed 

Chunk freelists:
   Non-Class:  16.00 KB
       Class:  0 bytes
        Both:  16.00 KB

MaxMetaspaceSize: 17179869184.00 GB
CompressedClassSpaceSize: 1.00 GB

CodeHeap 'non-profiled nmethods': size=120000Kb used=9279Kb max_used=9279Kb free=110720Kb
 bounds [0x0000019c3f820000, 0x0000019c40130000, 0x0000019c46d50000]
CodeHeap 'profiled nmethods': size=120000Kb used=33124Kb max_used=33124Kb free=86876Kb
 bounds [0x0000019c382f0000, 0x0000019c3a350000, 0x0000019c3f820000]
CodeHeap 'non-nmethods': size=5760Kb used=2308Kb max_used=2377Kb free=3452Kb
 bounds [0x0000019c37d50000, 0x0000019c37fc0000, 0x0000019c382f0000]
 total_blobs=16230 nmethods=15317 adapters=823
 compilation: enabled
              stopped_count=0, restarted_count=0
 full_count=0

Compilation events (20 events):
Event: 39.995 Thread 0x0000019c4efb8800 15418       2       com.sun.org.apache.xerces.internal.impl.XMLEntityScanner::load (200 bytes)
Event: 39.995 Thread 0x0000019c4efb8800 nmethod 15418 0x0000019c3a33a990 code [0x0000019c3a33ab80, 0x0000019c3a33ae58]
Event: 39.995 Thread 0x0000019c4efb8800 15420       2       java.lang.Math::floorMod (12 bytes)
Event: 39.995 Thread 0x0000019c4efb8800 nmethod 15420 0x0000019c3a33b090 code [0x0000019c3a33b240, 0x0000019c3a33b3b8]
Event: 40.002 Thread 0x0000019c4efb8800 15421       2       org.gradle.internal.serialize.AbstractSerializer::<init> (5 bytes)
Event: 40.002 Thread 0x0000019c4efb8800 nmethod 15421 0x0000019c3a33b490 code [0x0000019c3a33b640, 0x0000019c3a33b738]
Event: 40.016 Thread 0x0000019c4efb8800 15422       2       java.util.BitSet::expandTo (23 bytes)
Event: 40.016 Thread 0x0000019c4efb8800 nmethod 15422 0x0000019c3a33b810 code [0x0000019c3a33b9c0, 0x0000019c3a33bb08]
Event: 40.023 Thread 0x0000019c4efb8800 15423       2       org.gradle.api.internal.artifacts.ivyservice.resolveengine.graph.selectors.SelectorStateResolverResults::sameVersion (36 bytes)
Event: 40.024 Thread 0x0000019c4efb8800 nmethod 15423 0x0000019c3a33bb90 code [0x0000019c3a33bd80, 0x0000019c3a33bf68]
Event: 40.030 Thread 0x0000019c4efb8800 15424       2       org.gradle.api.internal.artifacts.dsl.DefaultComponentMetadataProcessor::createDetails (59 bytes)
Event: 40.030 Thread 0x0000019c4efb8800 nmethod 15424 0x0000019c3a33c090 code [0x0000019c3a33c280, 0x0000019c3a33c928]
Event: 40.030 Thread 0x0000019c4efb8800 15425       2       org.gradle.api.internal.artifacts.dsl.DefaultComponentMetadataProcessor::processAllRules (96 bytes)
Event: 40.031 Thread 0x0000019c4efb8800 nmethod 15425 0x0000019c3a33cb10 code [0x0000019c3a33cd00, 0x0000019c3a33cfd8]
Event: 40.037 Thread 0x0000019c4efb8800 15426       2       org.gradle.internal.component.external.model.maven.DefaultMavenModuleResolveMetadata::asMutable (5 bytes)
Event: 40.037 Thread 0x0000019c4efb8800 nmethod 15426 0x0000019c3a33d210 code [0x0000019c3a33d3c0, 0x0000019c3a33d548]
Event: 40.037 Thread 0x0000019c4efb8800 15428       2       org.gradle.internal.component.model.ImmutableModuleSources::withSources (28 bytes)
Event: 40.037 Thread 0x0000019c4efb8800 nmethod 15428 0x0000019c3a33d610 code [0x0000019c3a33d7c0, 0x0000019c3a33d968]
Event: 40.037 Thread 0x0000019c4efb8800 15427       2       org.gradle.internal.component.external.model.maven.DefaultMavenModuleResolveMetadata::asMutable (13 bytes)
Event: 40.037 Thread 0x0000019c4efb8800 nmethod 15427 0x0000019c3a33da90 code [0x0000019c3a33dc40, 0x0000019c3a33ddc8]

GC Heap History (20 events):
Event: 3.137 GC heap before
{Heap before GC invocations=3 (full 0):
 garbage-first heap   total 260096K, used 57992K [0x0000000080000000, 0x0000000100000000)
  region size 1024K, 52 young (53248K), 11 survivors (11264K)
 Metaspace       used 25542K, capacity 26147K, committed 26368K, reserved 1073152K
  class space    used 3328K, capacity 3568K, committed 3584K, reserved 1048576K
}
Event: 3.144 GC heap after
{Heap after GC invocations=4 (full 0):
 garbage-first heap   total 260096K, used 18215K [0x0000000080000000, 0x0000000100000000)
  region size 1024K, 3 young (3072K), 3 survivors (3072K)
 Metaspace       used 25542K, capacity 26147K, committed 26368K, reserved 1073152K
  class space    used 3328K, capacity 3568K, committed 3584K, reserved 1048576K
}
Event: 3.838 GC heap before
{Heap before GC invocations=4 (full 0):
 garbage-first heap   total 260096K, used 73511K [0x0000000080000000, 0x0000000100000000)
  region size 1024K, 58 young (59392K), 3 survivors (3072K)
 Metaspace       used 35102K, capacity 35821K, committed 35840K, reserved 1081344K
  class space    used 4568K, capacity 4856K, committed 4864K, reserved 1048576K
}
Event: 3.847 GC heap after
{Heap after GC invocations=5 (full 0):
 garbage-first heap   total 260096K, used 21391K [0x0000000080000000, 0x0000000100000000)
  region size 1024K, 6 young (6144K), 6 survivors (6144K)
 Metaspace       used 35102K, capacity 35821K, committed 35840K, reserved 1081344K
  class space    used 4568K, capacity 4856K, committed 4864K, reserved 1048576K
}
Event: 4.959 GC heap before
{Heap before GC invocations=6 (full 0):
 garbage-first heap   total 260096K, used 134031K [0x0000000080000000, 0x0000000100000000)
  region size 1024K, 113 young (115712K), 6 survivors (6144K)
 Metaspace       used 44113K, capacity 45145K, committed 45312K, reserved 1089536K
  class space    used 5666K, capacity 6022K, committed 6144K, reserved 1048576K
}
Event: 4.965 GC heap after
{Heap after GC invocations=7 (full 0):
 garbage-first heap   total 260096K, used 26413K [0x0000000080000000, 0x0000000100000000)
  region size 1024K, 11 young (11264K), 11 survivors (11264K)
 Metaspace       used 44113K, capacity 45145K, committed 45312K, reserved 1089536K
  class space    used 5666K, capacity 6022K, committed 6144K, reserved 1048576K
}
Event: 6.562 GC heap before
{Heap before GC invocations=7 (full 0):
 garbage-first heap   total 260096K, used 167725K [0x0000000080000000, 0x0000000100000000)
  region size 1024K, 147 young (150528K), 11 survivors (11264K)
 Metaspace       used 58709K, capacity 60078K, committed 60160K, reserved 1101824K
  class space    used 7436K, capacity 7919K, committed 7936K, reserved 1048576K
}
Event: 6.587 GC heap after
{Heap after GC invocations=8 (full 0):
 garbage-first heap   total 260096K, used 42255K [0x0000000080000000, 0x0000000100000000)
  region size 1024K, 19 young (19456K), 19 survivors (19456K)
 Metaspace       used 58709K, capacity 60078K, committed 60160K, reserved 1101824K
  class space    used 7436K, capacity 7919K, committed 7936K, reserved 1048576K
}
Event: 8.079 GC heap before
{Heap before GC invocations=9 (full 0):
 garbage-first heap   total 260096K, used 178447K [0x0000000080000000, 0x0000000100000000)
  region size 1024K, 152 young (155648K), 19 survivors (19456K)
 Metaspace       used 71618K, capacity 73290K, committed 73548K, reserved 1112064K
  class space    used 9405K, capacity 9987K, committed 10112K, reserved 1048576K
}
Event: 8.094 GC heap after
{Heap after GC invocations=10 (full 0):
 garbage-first heap   total 260096K, used 51153K [0x0000000080000000, 0x0000000100000000)
  region size 1024K, 10 young (10240K), 10 survivors (10240K)
 Metaspace       used 71618K, capacity 73290K, committed 73548K, reserved 1112064K
  class space    used 9405K, capacity 9987K, committed 10112K, reserved 1048576K
}
Event: 9.532 GC heap before
{Heap before GC invocations=10 (full 0):
 garbage-first heap   total 260096K, used 187345K [0x0000000080000000, 0x0000000100000000)
  region size 1024K, 144 young (147456K), 10 survivors (10240K)
 Metaspace       used 76460K, capacity 78445K, committed 78668K, reserved 1118208K
  class space    used 9949K, capacity 10624K, committed 10624K, reserved 1048576K
}
Event: 9.548 GC heap after
{Heap after GC invocations=11 (full 0):
 garbage-first heap   total 260096K, used 59660K [0x0000000080000000, 0x0000000100000000)
  region size 1024K, 18 young (18432K), 18 survivors (18432K)
 Metaspace       used 76460K, capacity 78445K, committed 78668K, reserved 1118208K
  class space    used 9949K, capacity 10624K, committed 10624K, reserved 1048576K
}
Event: 11.658 GC heap before
{Heap before GC invocations=11 (full 0):
 garbage-first heap   total 260096K, used 196876K [0x0000000080000000, 0x0000000100000000)
  region size 1024K, 151 young (154624K), 18 survivors (18432K)
 Metaspace       used 87160K, capacity 89403K, committed 89548K, reserved 1126400K
  class space    used 11205K, capacity 11980K, committed 12032K, reserved 1048576K
}
Event: 11.673 GC heap after
{Heap after GC invocations=12 (full 0):
 garbage-first heap   total 260096K, used 69686K [0x0000000080000000, 0x0000000100000000)
  region size 1024K, 17 young (17408K), 17 survivors (17408K)
 Metaspace       used 87160K, capacity 89403K, committed 89548K, reserved 1126400K
  class space    used 11205K, capacity 11980K, committed 12032K, reserved 1048576K
}
Event: 12.535 GC heap before
{Heap before GC invocations=12 (full 0):
 garbage-first heap   total 260096K, used 160822K [0x0000000080000000, 0x0000000100000000)
  region size 1024K, 108 young (110592K), 17 survivors (17408K)
 Metaspace       used 97687K, capacity 100735K, committed 100812K, reserved 1136640K
  class space    used 12908K, capacity 14071K, committed 14080K, reserved 1048576K
}
Event: 12.555 GC heap after
{Heap after GC invocations=13 (full 0):
 garbage-first heap   total 260096K, used 70349K [0x0000000080000000, 0x0000000100000000)
  region size 1024K, 11 young (11264K), 11 survivors (11264K)
 Metaspace       used 97687K, capacity 100735K, committed 100812K, reserved 1136640K
  class space    used 12908K, capacity 14071K, committed 14080K, reserved 1048576K
}
Event: 20.812 GC heap before
{Heap before GC invocations=14 (full 0):
 garbage-first heap   total 260096K, used 240333K [0x0000000080000000, 0x0000000100000000)
  region size 1024K, 144 young (147456K), 11 survivors (11264K)
 Metaspace       used 107701K, capacity 111049K, committed 111264K, reserved 1144832K
  class space    used 14010K, capacity 15245K, committed 15360K, reserved 1048576K
}
Event: 20.824 GC heap after
{Heap after GC invocations=15 (full 0):
 garbage-first heap   total 261120K, used 78247K [0x0000000080000000, 0x0000000100000000)
  region size 1024K, 12 young (12288K), 12 survivors (12288K)
 Metaspace       used 107701K, capacity 111049K, committed 111264K, reserved 1144832K
  class space    used 14010K, capacity 15245K, committed 15360K, reserved 1048576K
}
Event: 28.240 GC heap before
{Heap before GC invocations=15 (full 0):
 garbage-first heap   total 261120K, used 207271K [0x0000000080000000, 0x0000000100000000)
  region size 1024K, 139 young (142336K), 12 survivors (12288K)
 Metaspace       used 108385K, capacity 111754K, committed 112032K, reserved 1146880K
  class space    used 14022K, capacity 15264K, committed 15360K, reserved 1048576K
}
Event: 28.250 GC heap after
{Heap after GC invocations=16 (full 0):
 garbage-first heap   total 261120K, used 78848K [0x0000000080000000, 0x0000000100000000)
  region size 1024K, 9 young (9216K), 9 survivors (9216K)
 Metaspace       used 108385K, capacity 111754K, committed 112032K, reserved 1146880K
  class space    used 14022K, capacity 15264K, committed 15360K, reserved 1048576K
}

Deoptimization events (20 events):
Event: 39.721 Thread 0x0000019c52163000 DEOPT PACKING pc=0x0000019c40053644 sp=0x000000398f0f86e0
Event: 39.721 Thread 0x0000019c52163000 DEOPT UNPACKING pc=0x0000019c37d778af sp=0x000000398f0f86b0 mode 2
Event: 39.738 Thread 0x0000019c52163000 DEOPT PACKING pc=0x0000019c39cdd076 sp=0x000000398f0f8fa0
Event: 39.739 Thread 0x0000019c52163000 DEOPT UNPACKING pc=0x0000019c37d776ce sp=0x000000398f0f84c0 mode 0
Event: 39.795 Thread 0x0000019c56174800 DEOPT PACKING pc=0x0000019c38aec4ee sp=0x0000003996bfe9a0
Event: 39.795 Thread 0x0000019c56174800 DEOPT UNPACKING pc=0x0000019c37d776ce sp=0x0000003996bfdf58 mode 0
Event: 39.799 Thread 0x0000019c544cc800 DEOPT PACKING pc=0x0000019c38aec4ee sp=0x00000039959fe7c0
Event: 39.799 Thread 0x0000019c544cc800 DEOPT UNPACKING pc=0x0000019c37d776ce sp=0x00000039959fdd78 mode 0
Event: 39.802 Thread 0x0000019c544be800 DEOPT PACKING pc=0x0000019c38aec4ee sp=0x0000003994bfecd0
Event: 39.802 Thread 0x0000019c544be800 DEOPT UNPACKING pc=0x0000019c37d776ce sp=0x0000003994bfe288 mode 0
Event: 39.806 Thread 0x0000019c527c5000 DEOPT PACKING pc=0x0000019c38aec4ee sp=0x0000003993bfe6d0
Event: 39.806 Thread 0x0000019c527c5000 DEOPT UNPACKING pc=0x0000019c37d776ce sp=0x0000003993bfdc88 mode 0
Event: 39.917 Thread 0x0000019c52163000 Uncommon trap: trap_request=0xffffffd6 fr.pc=0x0000019c400cb714 relative=0x0000000000000b74
Event: 39.917 Thread 0x0000019c52163000 Uncommon trap: reason=array_check action=maybe_recompile pc=0x0000019c400cb714 method=com.google.common.collect.ImmutableSet.construct(I[Ljava/lang/Object;)Lcom/google/common/collect/ImmutableSet; @ 122 c2
Event: 39.917 Thread 0x0000019c52163000 DEOPT PACKING pc=0x0000019c400cb714 sp=0x000000398f0fa1a0
Event: 39.917 Thread 0x0000019c52163000 DEOPT UNPACKING pc=0x0000019c37d778af sp=0x000000398f0fa138 mode 2
Event: 39.933 Thread 0x0000019c52163000 Uncommon trap: trap_request=0xffffffd6 fr.pc=0x0000019c400cb714 relative=0x0000000000000b74
Event: 39.933 Thread 0x0000019c52163000 Uncommon trap: reason=array_check action=maybe_recompile pc=0x0000019c400cb714 method=com.google.common.collect.ImmutableSet.construct(I[Ljava/lang/Object;)Lcom/google/common/collect/ImmutableSet; @ 122 c2
Event: 39.933 Thread 0x0000019c52163000 DEOPT PACKING pc=0x0000019c400cb714 sp=0x000000398f0f8ba0
Event: 39.933 Thread 0x0000019c52163000 DEOPT UNPACKING pc=0x0000019c37d778af sp=0x000000398f0f8b38 mode 2

Classes redefined (0 events):
No events

Internal exceptions (20 events):
Event: 21.091 Thread 0x0000019c572a6800 Exception <a 'sun/nio/fs/WindowsException'{0x000000008cb5ccb8}> (0x000000008cb5ccb8) thrown at [./src/hotspot/share/prims/jni.cpp, line 615]
Event: 21.091 Thread 0x0000019c572a6800 Exception <a 'sun/nio/fs/WindowsException'{0x000000008cb5db90}> (0x000000008cb5db90) thrown at [./src/hotspot/share/prims/jni.cpp, line 615]
Event: 21.091 Thread 0x0000019c572a6800 Exception <a 'sun/nio/fs/WindowsException'{0x000000008cb61cc8}> (0x000000008cb61cc8) thrown at [./src/hotspot/share/prims/jni.cpp, line 615]
Event: 21.091 Thread 0x0000019c572a6800 Exception <a 'sun/nio/fs/WindowsException'{0x000000008cb62e20}> (0x000000008cb62e20) thrown at [./src/hotspot/share/prims/jni.cpp, line 615]
Event: 21.092 Thread 0x0000019c572a6800 Exception <a 'sun/nio/fs/WindowsException'{0x000000008cb650d0}> (0x000000008cb650d0) thrown at [./src/hotspot/share/prims/jni.cpp, line 615]
Event: 21.092 Thread 0x0000019c572a6800 Exception <a 'sun/nio/fs/WindowsException'{0x000000008cb65ff8}> (0x000000008cb65ff8) thrown at [./src/hotspot/share/prims/jni.cpp, line 615]
Event: 21.166 Thread 0x0000019c572a6800 Exception <a 'sun/nio/fs/WindowsException'{0x000000008c0b2998}> (0x000000008c0b2998) thrown at [./src/hotspot/share/prims/jni.cpp, line 615]
Event: 21.166 Thread 0x0000019c572a6800 Exception <a 'sun/nio/fs/WindowsException'{0x000000008c0b35f8}> (0x000000008c0b35f8) thrown at [./src/hotspot/share/prims/jni.cpp, line 615]
Event: 28.117 Thread 0x0000019c52163000 Exception <a 'sun/nio/fs/WindowsException'{0x000000008879ad70}> (0x000000008879ad70) thrown at [./src/hotspot/share/prims/jni.cpp, line 615]
Event: 28.585 Thread 0x0000019c57b67800 Exception <a 'sun/nio/fs/WindowsException'{0x000000008c9f4340}> (0x000000008c9f4340) thrown at [./src/hotspot/share/prims/jni.cpp, line 615]
Event: 28.585 Thread 0x0000019c57b67800 Exception <a 'sun/nio/fs/WindowsException'{0x000000008c9f5218}> (0x000000008c9f5218) thrown at [./src/hotspot/share/prims/jni.cpp, line 615]
Event: 28.585 Thread 0x0000019c57b67800 Exception <a 'sun/nio/fs/WindowsException'{0x000000008c9f9598}> (0x000000008c9f9598) thrown at [./src/hotspot/share/prims/jni.cpp, line 615]
Event: 28.585 Thread 0x0000019c57b67800 Exception <a 'sun/nio/fs/WindowsException'{0x000000008c9fa4b0}> (0x000000008c9fa4b0) thrown at [./src/hotspot/share/prims/jni.cpp, line 615]
Event: 28.585 Thread 0x0000019c57b67800 Exception <a 'sun/nio/fs/WindowsException'{0x000000008c9fc9b0}> (0x000000008c9fc9b0) thrown at [./src/hotspot/share/prims/jni.cpp, line 615]
Event: 28.585 Thread 0x0000019c57b67800 Exception <a 'sun/nio/fs/WindowsException'{0x000000008c9fd8d8}> (0x000000008c9fd8d8) thrown at [./src/hotspot/share/prims/jni.cpp, line 615]
Event: 28.641 Thread 0x0000019c57b67800 Exception <a 'sun/nio/fs/WindowsException'{0x000000008bd48f18}> (0x000000008bd48f18) thrown at [./src/hotspot/share/prims/jni.cpp, line 615]
Event: 28.641 Thread 0x0000019c57b67800 Exception <a 'sun/nio/fs/WindowsException'{0x000000008bd49b78}> (0x000000008bd49b78) thrown at [./src/hotspot/share/prims/jni.cpp, line 615]
Event: 28.837 Thread 0x0000019c52163000 Implicit null exception at 0x0000019c3fb20b81 to 0x0000019c3fb214bc
Event: 28.837 Thread 0x0000019c52163000 Implicit null exception at 0x0000019c40088471 to 0x0000019c400888e8
Event: 39.938 Thread 0x0000019c52163000 Exception <a 'sun/nio/fs/WindowsException'{0x000000008867dcd8}> (0x000000008867dcd8) thrown at [./src/hotspot/share/prims/jni.cpp, line 615]

Events (20 events):
Event: 39.973 Executing VM operation: RevokeBias
Event: 39.973 Thread 0x0000019c572ab800 Thread added: 0x0000019c572ab800
Event: 39.973 Executing VM operation: RevokeBias done
Event: 39.973 Thread 0x0000019c572a8000 Thread added: 0x0000019c572a8000
Event: 39.973 Thread 0x0000019c572ad000 Thread added: 0x0000019c572ad000
Event: 39.973 Thread 0x0000019c572b2000 Thread added: 0x0000019c572b2000
Event: 39.973 Thread 0x0000019c572af800 Thread added: 0x0000019c572af800
Event: 39.974 Thread 0x0000019c572b0000 Thread added: 0x0000019c572b0000
Event: 39.984 Executing VM operation: RevokeBias
Event: 39.985 Executing VM operation: RevokeBias done
Event: 39.985 Executing VM operation: RevokeBias
Event: 39.985 Executing VM operation: RevokeBias done
Event: 39.985 Executing VM operation: RevokeBias
Event: 39.985 Executing VM operation: RevokeBias done
Event: 40.000 Executing VM operation: RevokeBias
Event: 40.000 Executing VM operation: RevokeBias done
Event: 40.001 Executing VM operation: RevokeBias
Event: 40.001 Executing VM operation: RevokeBias done
Event: 40.003 Executing VM operation: RevokeBias
Event: 40.004 Executing VM operation: RevokeBias done


Dynamic libraries:
0x00007ff63e000000 - 0x00007ff63e00a000 	D:\Program Files\Android\Android Studio\jre\bin\java.exe
0x00007ffd7cee0000 - 0x00007ffd7d0d0000 	C:\WINDOWS\SYSTEM32\ntdll.dll
0x00007ffd7cda0000 - 0x00007ffd7ce52000 	C:\WINDOWS\System32\KERNEL32.DLL
0x00007ffd7ab10000 - 0x00007ffd7adb3000 	C:\WINDOWS\System32\KERNELBASE.dll
0x00007ffd7a810000 - 0x00007ffd7a90a000 	C:\WINDOWS\System32\ucrtbase.dll
0x00007ffd6a670000 - 0x00007ffd6a689000 	D:\Program Files\Android\Android Studio\jre\bin\jli.dll
0x00007ffd7b9d0000 - 0x00007ffd7bb64000 	C:\WINDOWS\System32\USER32.dll
0x00007ffd7a730000 - 0x00007ffd7a751000 	C:\WINDOWS\System32\win32u.dll
0x00007ffd67020000 - 0x00007ffd672a5000 	C:\WINDOWS\WinSxS\amd64_microsoft.windows.common-controls_6595b64144ccf1df_6.0.18362.592_none_e6c0b1911312be02\COMCTL32.dll
0x00007ffd7c2c0000 - 0x00007ffd7c2e6000 	C:\WINDOWS\System32\GDI32.dll
0x00007ffd7b730000 - 0x00007ffd7b7ce000 	C:\WINDOWS\System32\msvcrt.dll
0x00007ffd7a910000 - 0x00007ffd7aaa4000 	C:\WINDOWS\System32\gdi32full.dll
0x00007ffd7a660000 - 0x00007ffd7a6fe000 	C:\WINDOWS\System32\msvcp_win.dll
0x00007ffd7c4b0000 - 0x00007ffd7c7e6000 	C:\WINDOWS\System32\combase.dll
0x00007ffd7bb70000 - 0x00007ffd7bc90000 	C:\WINDOWS\System32\RPCRT4.dll
0x00007ffd7adc0000 - 0x00007ffd7ae40000 	C:\WINDOWS\System32\bcryptPrimitives.dll
0x00007ffd6a650000 - 0x00007ffd6a667000 	D:\Program Files\Android\Android Studio\jre\bin\VCRUNTIME140.dll
0x00007ffd7ce70000 - 0x00007ffd7ce9e000 	C:\WINDOWS\System32\IMM32.DLL
0x00007ffd6a5b0000 - 0x00007ffd6a64d000 	D:\Program Files\Android\Android Studio\jre\bin\msvcp140.dll
0x00007ffd1fdf0000 - 0x00007ffd208bf000 	D:\Program Files\Android\Android Studio\jre\bin\server\jvm.dll
0x00007ffd7b7d0000 - 0x00007ffd7b873000 	C:\WINDOWS\System32\ADVAPI32.dll
0x00007ffd7b880000 - 0x00007ffd7b917000 	C:\WINDOWS\System32\sechost.dll
0x00007ffd7bdf0000 - 0x00007ffd7bdf8000 	C:\WINDOWS\System32\PSAPI.DLL
0x00007ffd776b0000 - 0x00007ffd776d4000 	C:\WINDOWS\SYSTEM32\WINMM.dll
0x00007ffd72d00000 - 0x00007ffd72d0a000 	C:\WINDOWS\SYSTEM32\VERSION.dll
0x00007ffd64ff0000 - 0x00007ffd64ff9000 	C:\WINDOWS\SYSTEM32\WSOCK32.dll
0x00007ffd7c350000 - 0x00007ffd7c3bf000 	C:\WINDOWS\System32\WS2_32.dll
0x00007ffd77310000 - 0x00007ffd7733d000 	C:\WINDOWS\SYSTEM32\WINMMBASE.dll
0x00007ffd7a610000 - 0x00007ffd7a65a000 	C:\WINDOWS\System32\cfgmgr32.dll
0x00007ffd79dc0000 - 0x00007ffd79dd1000 	C:\WINDOWS\System32\kernel.appcore.dll
0x00007ffd6b570000 - 0x00007ffd6b581000 	D:\Program Files\Android\Android Studio\jre\bin\verify.dll
0x00007ffd786e0000 - 0x00007ffd788d4000 	C:\WINDOWS\SYSTEM32\DBGHELP.DLL
0x00007ffd61910000 - 0x00007ffd6193a000 	C:\WINDOWS\SYSTEM32\dbgcore.DLL
0x00007ffd6b4b0000 - 0x00007ffd6b4d9000 	D:\Program Files\Android\Android Studio\jre\bin\java.dll
0x00007ffd74db0000 - 0x00007ffd74dbb000 	D:\Program Files\Android\Android Studio\jre\bin\jimage.dll
0x00007ffd6b490000 - 0x00007ffd6b4a8000 	D:\Program Files\Android\Android Studio\jre\bin\zip.dll
0x00007ffd7b040000 - 0x00007ffd7b725000 	C:\WINDOWS\System32\SHELL32.dll
0x00007ffd7af90000 - 0x00007ffd7b039000 	C:\WINDOWS\System32\shcore.dll
0x00007ffd79e90000 - 0x00007ffd7a60f000 	C:\WINDOWS\System32\windows.storage.dll
0x00007ffd79e50000 - 0x00007ffd79e6f000 	C:\WINDOWS\System32\profapi.dll
0x00007ffd79e00000 - 0x00007ffd79e4a000 	C:\WINDOWS\System32\powrprof.dll
0x00007ffd79db0000 - 0x00007ffd79dc0000 	C:\WINDOWS\System32\UMPDC.dll
0x00007ffd7bd00000 - 0x00007ffd7bd52000 	C:\WINDOWS\System32\shlwapi.dll
0x00007ffd79e70000 - 0x00007ffd79e87000 	C:\WINDOWS\System32\cryptsp.dll
0x00007ffd6b310000 - 0x00007ffd6b32a000 	D:\Program Files\Android\Android Studio\jre\bin\net.dll
0x00007ffd6ea60000 - 0x00007ffd6eb50000 	C:\WINDOWS\SYSTEM32\WINHTTP.dll
0x00007ffd79620000 - 0x00007ffd79687000 	C:\WINDOWS\system32\mswsock.dll
0x00007ffd6b2f0000 - 0x00007ffd6b304000 	D:\Program Files\Android\Android Studio\jre\bin\nio.dll
0x00007ffd6b290000 - 0x00007ffd6b2b7000 	C:\Users\admin\.gradle\native\fdc75f09e3144964f2cf3f50f0aa648679c211496f362492102eb8c894070792\windows-amd64\native-platform.dll
0x00007ffd35850000 - 0x00007ffd359e6000 	C:\Users\admin\.gradle\native\12488b8bf47d2d4c9fbf2f6322a914ad602e24e48041cd04a747c6da556b65c4\windows-amd64\native-platform-file-events.dll
0x00007ffd6b560000 - 0x00007ffd6b56a000 	D:\Program Files\Android\Android Studio\jre\bin\management.dll
0x00007ffd6b480000 - 0x00007ffd6b48c000 	D:\Program Files\Android\Android Studio\jre\bin\management_ext.dll
0x00007ffd79130000 - 0x00007ffd79163000 	C:\WINDOWS\system32\rsaenh.dll
0x00007ffd7a700000 - 0x00007ffd7a726000 	C:\WINDOWS\System32\bcrypt.dll
0x00007ffd79ca0000 - 0x00007ffd79cc5000 	C:\WINDOWS\SYSTEM32\USERENV.dll
0x00007ffd797f0000 - 0x00007ffd797fc000 	C:\WINDOWS\SYSTEM32\CRYPTBASE.dll
0x00007ffd79330000 - 0x00007ffd7936a000 	C:\WINDOWS\SYSTEM32\IPHLPAPI.DLL
0x00007ffd7ce60000 - 0x00007ffd7ce68000 	C:\WINDOWS\System32\NSI.dll
0x00007ffd72c40000 - 0x00007ffd72c56000 	C:\WINDOWS\SYSTEM32\dhcpcsvc6.DLL
0x00007ffd72fa0000 - 0x00007ffd72fbc000 	C:\WINDOWS\SYSTEM32\dhcpcsvc.DLL
0x00007ffd79370000 - 0x00007ffd7943a000 	C:\WINDOWS\SYSTEM32\DNSAPI.dll
0x00007ffd72d10000 - 0x00007ffd72d1b000 	C:\WINDOWS\SYSTEM32\WINNSI.DLL
0x00007ffd68900000 - 0x00007ffd68927000 	D:\Program Files\Android\Android Studio\jre\bin\sunec.dll

dbghelp: loaded successfully - version: 4.0.5 - missing functions: none
symbol engine: initialized successfully - sym options: 0x614 - pdb path: .;D:\Program Files\Android\Android Studio\jre\bin;C:\WINDOWS\SYSTEM32;C:\WINDOWS\WinSxS\amd64_microsoft.windows.common-controls_6595b64144ccf1df_6.0.18362.592_none_e6c0b1911312be02;D:\Program Files\Android\Android Studio\jre\bin\server;C:\Users\admin\.gradle\native\fdc75f09e3144964f2cf3f50f0aa648679c211496f362492102eb8c894070792\windows-amd64;C:\Users\admin\.gradle\native\12488b8bf47d2d4c9fbf2f6322a914ad602e24e48041cd04a747c6da556b65c4\windows-amd64

VM Arguments:
jvm_args: --add-opens=java.base/java.util=ALL-UNNAMED --add-opens=java.base/java.lang=ALL-UNNAMED --add-opens=java.base/java.lang.invoke=ALL-UNNAMED --add-opens=java.prefs/java.util.prefs=ALL-UNNAMED -Xmx2048m -Dfile.encoding=UTF-8 -Duser.country=US -Duser.language=en -Duser.variant 
java_command: org.gradle.launcher.daemon.bootstrap.GradleDaemon 6.7.1
java_class_path (initial): C:\Users\admin\.gradle\wrapper\dists\gradle-6.7.1-bin\bwlcbys1h7rz3272sye1xwiv6\gradle-6.7.1\lib\gradle-launcher-6.7.1.jar
Launcher Type: SUN_STANDARD

[Global flags]
     intx CICompilerCount                          = 4                                         {product} {ergonomic}
     uint ConcGCThreads                            = 2                                         {product} {ergonomic}
     uint G1ConcRefinementThreads                  = 8                                         {product} {ergonomic}
   size_t G1HeapRegionSize                         = 1048576                                   {product} {ergonomic}
    uintx GCDrainStackTargetSize                   = 64                                        {product} {ergonomic}
   size_t InitialHeapSize                          = 266338304                                 {product} {ergonomic}
   size_t MarkStackSize                            = 4194304                                   {product} {ergonomic}
   size_t MaxHeapSize                              = 2147483648                                {product} {command line}
   size_t MaxNewSize                               = 1287651328                                {product} {ergonomic}
   size_t MinHeapDeltaBytes                        = 1048576                                   {product} {ergonomic}
    uintx NonNMethodCodeHeapSize                   = 5836300                                {pd product} {ergonomic}
    uintx NonProfiledCodeHeapSize                  = 122910970                              {pd product} {ergonomic}
    uintx ProfiledCodeHeapSize                     = 122910970                              {pd product} {ergonomic}
    uintx ReservedCodeCacheSize                    = 251658240                              {pd product} {ergonomic}
     bool SegmentedCodeCache                       = true                                      {product} {ergonomic}
     bool UseCompressedClassPointers               = true                                 {lp64_product} {ergonomic}
     bool UseCompressedOops                        = true                                 {lp64_product} {ergonomic}
     bool UseG1GC                                  = true                                      {product} {ergonomic}
     bool UseLargePagesIndividualAllocation        = false                                  {pd product} {ergonomic}

Logging:
Log output configuration:
 #0: stdout all=warning uptime,level,tags
 #1: stderr all=off uptime,level,tags

Environment Variables:
PATH=C:\Program Files\Common Files\Oracle\Java\javapath;C:\ProgramData\Oracle\Java\javapath;C:\Windows\system32;C:\Windows;C:\Windows\System32\Wbem;C:\Windows\System32\WindowsPowerShell\v1.0\;C:\Windows\System32\OpenSSH\;C:\Program Files (x86)\NVIDIA Corporation\PhysX\Common;C:\Program Files\NVIDIA Corporation\NVIDIA NvDLISR;C:\WINDOWS\system32;C:\WINDOWS;C:\WINDOWS\System32\Wbem;C:\WINDOWS\System32\WindowsPowerShell\v1.0\;C:\WINDOWS\System32\OpenSSH\;D:\XAMPP\php;D:\XAMPP;C:\Program Files\Git\cmd;C:\Program Files\nodejs\;C:\Users\admin\AppData\Local\Microsoft\WindowsApps;;C:\Users\admin\AppData\Local\Programs\Microsoft VS Code\bin;C:\Users\admin\AppData\Roaming\Composer\vendor\bin;D:\PyCharm Community Edition 2021.2.3\bin;;C:\Users\admin\AppData\Roaming\npm
USERNAME=admin
OS=Windows_NT
PROCESSOR_IDENTIFIER=Intel64 Family 6 Model 158 Stepping 13, GenuineIntel



---------------  S Y S T E M  ---------------

OS: Windows 10 , 64 bit Build 18362 (10.0.18362.329)
OS uptime: 1 days 0:16 hours

CPU:total 8 (initial active 8) (4 cores per cpu, 2 threads per core) family 6 model 158 stepping 13 microcode 0xb8, cmov, cx8, fxsr, mmx, sse, sse2, sse3, ssse3, sse4.1, sse4.2, popcnt, avx, avx2, aes, clmul, erms, 3dnowpref, lzcnt, ht, tsc, tscinvbit, bmi1, bmi2, adx, fma

Memory: 4k page, system-wide physical 16236M (538M free)
TotalPageFile size 30918M (AvailPageFile size 5M)
current process WorkingSet (physical memory assigned to process): 547M, peak: 574M
current process commit charge ("private bytes"): 600M, peak: 628M

vm_info: OpenJDK 64-Bit Server VM (11.0.10+0-b96-7249189) for windows-amd64 JRE (11.0.10+0-b96-7249189), built on Mar 31 2021 21:44:00 by "builder" with MS VC++ 14.0 (VS2015)

END.
